15:15:54.337 10-08-2022 [main] INFO  com.sv.EduApplication - Starting EduApplication on OwenLaptop with PID 17032 (D:\IdeaProjects\online_edu\online_edu\service\service_edu\target\classes started by Owen in D:\IdeaProjects\online_edu)
15:15:54.341 10-08-2022 [main] INFO  com.sv.EduApplication - The following profiles are active: dev
15:15:55.165 10-08-2022 [main] INFO  o.s.d.r.config.RepositoryConfigurationDelegate - Multiple Spring Data modules found, entering strict repository configuration mode!
15:15:55.167 10-08-2022 [main] INFO  o.s.d.r.config.RepositoryConfigurationDelegate - Bootstrapping Spring Data repositories in DEFAULT mode.
15:15:55.194 10-08-2022 [main] INFO  o.s.d.r.config.RepositoryConfigurationDelegate - Finished Spring Data repository scanning in 11ms. Found 0 repository interfaces.
15:15:55.435 10-08-2022 [main] INFO  o.s.c.s.PostProcessorRegistrationDelegate$BeanPostProcessorChecker - Bean 'org.springframework.transaction.annotation.ProxyTransactionManagementConfiguration' of type [org.springframework.transaction.annotation.ProxyTransactionManagementConfiguration] is not eligible for getting processed by all BeanPostProcessors (for example: not eligible for auto-proxying)
15:15:55.657 10-08-2022 [main] INFO  o.s.boot.web.embedded.tomcat.TomcatWebServer - Tomcat initialized with port(s): 8001 (http)
15:15:55.664 10-08-2022 [main] INFO  org.apache.coyote.http11.Http11NioProtocol - Initializing ProtocolHandler ["http-nio-8001"]
15:15:55.665 10-08-2022 [main] INFO  org.apache.catalina.core.StandardService - Starting service [Tomcat]
15:15:55.665 10-08-2022 [main] INFO  org.apache.catalina.core.StandardEngine - Starting Servlet engine: [Apache Tomcat/9.0.27]
15:15:55.753 10-08-2022 [main] INFO  o.a.c.core.ContainerBase.[Tomcat].[localhost].[/] - Initializing Spring embedded WebApplicationContext
15:15:55.753 10-08-2022 [main] INFO  org.springframework.web.context.ContextLoader - Root WebApplicationContext: initialization completed in 1371 ms
15:15:55.936 10-08-2022 [main] INFO  com.zaxxer.hikari.HikariDataSource - HikariPool-1 - Starting...
15:15:56.909 10-08-2022 [main] INFO  com.zaxxer.hikari.HikariDataSource - HikariPool-1 - Start completed.
15:15:57.332 10-08-2022 [main] INFO  s.d.s.w.PropertySourcedRequestMappingHandlerMapping - Mapped URL path [/v2/api-docs] onto method [springfox.documentation.swagger2.web.Swagger2Controller#getDocumentation(String, HttpServletRequest)]
15:15:57.426 10-08-2022 [main] INFO  o.s.scheduling.concurrent.ThreadPoolTaskExecutor - Initializing ExecutorService 'applicationTaskExecutor'
15:15:57.919 10-08-2022 [main] INFO  s.d.s.web.plugins.DocumentationPluginsBootstrapper - Context refreshed
15:15:57.935 10-08-2022 [main] INFO  s.d.s.web.plugins.DocumentationPluginsBootstrapper - Found 1 custom documentation plugin(s)
15:15:57.970 10-08-2022 [main] INFO  s.d.spring.web.scanners.ApiListingReferenceScanner - Scanning for api listing references
15:15:58.135 10-08-2022 [main] INFO  org.apache.coyote.http11.Http11NioProtocol - Starting ProtocolHandler ["http-nio-8001"]
15:15:58.151 10-08-2022 [main] INFO  o.s.boot.web.embedded.tomcat.TomcatWebServer - Tomcat started on port(s): 8001 (http) with context path ''
15:15:58.154 10-08-2022 [main] INFO  com.sv.EduApplication - Started EduApplication in 4.276 seconds (JVM running for 5.712)
15:45:59.551 10-08-2022 [http-nio-8001-exec-1] INFO  o.a.c.core.ContainerBase.[Tomcat].[localhost].[/] - Initializing Spring DispatcherServlet 'dispatcherServlet'
15:45:59.551 10-08-2022 [http-nio-8001-exec-1] INFO  org.springframework.web.servlet.DispatcherServlet - Initializing Servlet 'dispatcherServlet'
15:45:59.558 10-08-2022 [http-nio-8001-exec-1] INFO  org.springframework.web.servlet.DispatcherServlet - Completed initialization in 7 ms
15:50:11.092 10-08-2022 [SpringContextShutdownHook] INFO  o.s.scheduling.concurrent.ThreadPoolTaskExecutor - Shutting down ExecutorService 'applicationTaskExecutor'
15:50:11.093 10-08-2022 [SpringContextShutdownHook] INFO  com.zaxxer.hikari.HikariDataSource - HikariPool-1 - Shutdown initiated...
15:50:11.102 10-08-2022 [SpringContextShutdownHook] INFO  com.zaxxer.hikari.HikariDataSource - HikariPool-1 - Shutdown completed.
15:50:17.247 10-08-2022 [main] INFO  com.sv.EduApplication - Starting EduApplication on OwenLaptop with PID 12432 (D:\IdeaProjects\online_edu\online_edu\service\service_edu\target\classes started by Owen in D:\IdeaProjects\online_edu)
15:50:17.250 10-08-2022 [main] INFO  com.sv.EduApplication - The following profiles are active: dev
15:50:17.965 10-08-2022 [main] INFO  o.s.d.r.config.RepositoryConfigurationDelegate - Multiple Spring Data modules found, entering strict repository configuration mode!
15:50:17.967 10-08-2022 [main] INFO  o.s.d.r.config.RepositoryConfigurationDelegate - Bootstrapping Spring Data repositories in DEFAULT mode.
15:50:17.988 10-08-2022 [main] INFO  o.s.d.r.config.RepositoryConfigurationDelegate - Finished Spring Data repository scanning in 9ms. Found 0 repository interfaces.
15:50:18.205 10-08-2022 [main] INFO  o.s.c.s.PostProcessorRegistrationDelegate$BeanPostProcessorChecker - Bean 'org.springframework.transaction.annotation.ProxyTransactionManagementConfiguration' of type [org.springframework.transaction.annotation.ProxyTransactionManagementConfiguration] is not eligible for getting processed by all BeanPostProcessors (for example: not eligible for auto-proxying)
15:50:18.395 10-08-2022 [main] INFO  o.s.boot.web.embedded.tomcat.TomcatWebServer - Tomcat initialized with port(s): 8001 (http)
15:50:18.402 10-08-2022 [main] INFO  org.apache.coyote.http11.Http11NioProtocol - Initializing ProtocolHandler ["http-nio-8001"]
15:50:18.403 10-08-2022 [main] INFO  org.apache.catalina.core.StandardService - Starting service [Tomcat]
15:50:18.403 10-08-2022 [main] INFO  org.apache.catalina.core.StandardEngine - Starting Servlet engine: [Apache Tomcat/9.0.27]
15:50:18.494 10-08-2022 [main] INFO  o.a.c.core.ContainerBase.[Tomcat].[localhost].[/] - Initializing Spring embedded WebApplicationContext
15:50:18.495 10-08-2022 [main] INFO  org.springframework.web.context.ContextLoader - Root WebApplicationContext: initialization completed in 1208 ms
15:50:18.646 10-08-2022 [main] INFO  com.zaxxer.hikari.HikariDataSource - HikariPool-1 - Starting...
15:50:19.488 10-08-2022 [main] INFO  com.zaxxer.hikari.HikariDataSource - HikariPool-1 - Start completed.
15:50:19.883 10-08-2022 [main] INFO  s.d.s.w.PropertySourcedRequestMappingHandlerMapping - Mapped URL path [/v2/api-docs] onto method [springfox.documentation.swagger2.web.Swagger2Controller#getDocumentation(String, HttpServletRequest)]
15:50:19.971 10-08-2022 [main] INFO  o.s.scheduling.concurrent.ThreadPoolTaskExecutor - Initializing ExecutorService 'applicationTaskExecutor'
15:50:20.404 10-08-2022 [main] INFO  s.d.s.web.plugins.DocumentationPluginsBootstrapper - Context refreshed
15:50:20.418 10-08-2022 [main] INFO  s.d.s.web.plugins.DocumentationPluginsBootstrapper - Found 1 custom documentation plugin(s)
15:50:20.449 10-08-2022 [main] INFO  s.d.spring.web.scanners.ApiListingReferenceScanner - Scanning for api listing references
15:50:20.609 10-08-2022 [main] INFO  org.apache.coyote.http11.Http11NioProtocol - Starting ProtocolHandler ["http-nio-8001"]
15:50:20.625 10-08-2022 [main] INFO  o.s.boot.web.embedded.tomcat.TomcatWebServer - Tomcat started on port(s): 8001 (http) with context path ''
15:50:20.627 10-08-2022 [main] INFO  com.sv.EduApplication - Started EduApplication in 3.808 seconds (JVM running for 4.95)
15:50:32.009 10-08-2022 [http-nio-8001-exec-1] INFO  o.a.c.core.ContainerBase.[Tomcat].[localhost].[/] - Initializing Spring DispatcherServlet 'dispatcherServlet'
15:50:32.010 10-08-2022 [http-nio-8001-exec-1] INFO  org.springframework.web.servlet.DispatcherServlet - Initializing Servlet 'dispatcherServlet'
15:50:32.015 10-08-2022 [http-nio-8001-exec-1] INFO  org.springframework.web.servlet.DispatcherServlet - Completed initialization in 5 ms
16:16:13.807 10-08-2022 [SpringContextShutdownHook] INFO  o.s.scheduling.concurrent.ThreadPoolTaskExecutor - Shutting down ExecutorService 'applicationTaskExecutor'
16:16:13.809 10-08-2022 [SpringContextShutdownHook] INFO  com.zaxxer.hikari.HikariDataSource - HikariPool-1 - Shutdown initiated...
16:16:13.814 10-08-2022 [SpringContextShutdownHook] INFO  com.zaxxer.hikari.HikariDataSource - HikariPool-1 - Shutdown completed.
16:16:19.664 10-08-2022 [main] INFO  com.sv.EduApplication - Starting EduApplication on OwenLaptop with PID 1888 (D:\IdeaProjects\online_edu\online_edu\service\service_edu\target\classes started by Owen in D:\IdeaProjects\online_edu)
16:16:19.667 10-08-2022 [main] INFO  com.sv.EduApplication - The following profiles are active: dev
16:16:20.367 10-08-2022 [main] INFO  o.s.d.r.config.RepositoryConfigurationDelegate - Multiple Spring Data modules found, entering strict repository configuration mode!
16:16:20.369 10-08-2022 [main] INFO  o.s.d.r.config.RepositoryConfigurationDelegate - Bootstrapping Spring Data repositories in DEFAULT mode.
16:16:20.392 10-08-2022 [main] INFO  o.s.d.r.config.RepositoryConfigurationDelegate - Finished Spring Data repository scanning in 10ms. Found 0 repository interfaces.
16:16:20.616 10-08-2022 [main] INFO  o.s.c.s.PostProcessorRegistrationDelegate$BeanPostProcessorChecker - Bean 'org.springframework.transaction.annotation.ProxyTransactionManagementConfiguration' of type [org.springframework.transaction.annotation.ProxyTransactionManagementConfiguration] is not eligible for getting processed by all BeanPostProcessors (for example: not eligible for auto-proxying)
16:16:20.802 10-08-2022 [main] INFO  o.s.boot.web.embedded.tomcat.TomcatWebServer - Tomcat initialized with port(s): 8001 (http)
16:16:20.809 10-08-2022 [main] INFO  org.apache.coyote.http11.Http11NioProtocol - Initializing ProtocolHandler ["http-nio-8001"]
16:16:20.810 10-08-2022 [main] INFO  org.apache.catalina.core.StandardService - Starting service [Tomcat]
16:16:20.810 10-08-2022 [main] INFO  org.apache.catalina.core.StandardEngine - Starting Servlet engine: [Apache Tomcat/9.0.27]
16:16:20.898 10-08-2022 [main] INFO  o.a.c.core.ContainerBase.[Tomcat].[localhost].[/] - Initializing Spring embedded WebApplicationContext
16:16:20.898 10-08-2022 [main] INFO  org.springframework.web.context.ContextLoader - Root WebApplicationContext: initialization completed in 1199 ms
16:16:21.057 10-08-2022 [main] INFO  com.zaxxer.hikari.HikariDataSource - HikariPool-1 - Starting...
16:16:21.897 10-08-2022 [main] INFO  com.zaxxer.hikari.HikariDataSource - HikariPool-1 - Start completed.
16:16:22.291 10-08-2022 [main] INFO  s.d.s.w.PropertySourcedRequestMappingHandlerMapping - Mapped URL path [/v2/api-docs] onto method [springfox.documentation.swagger2.web.Swagger2Controller#getDocumentation(String, HttpServletRequest)]
16:16:22.382 10-08-2022 [main] INFO  o.s.scheduling.concurrent.ThreadPoolTaskExecutor - Initializing ExecutorService 'applicationTaskExecutor'
16:16:22.794 10-08-2022 [main] INFO  s.d.s.web.plugins.DocumentationPluginsBootstrapper - Context refreshed
16:16:22.806 10-08-2022 [main] INFO  s.d.s.web.plugins.DocumentationPluginsBootstrapper - Found 1 custom documentation plugin(s)
16:16:22.832 10-08-2022 [main] INFO  s.d.spring.web.scanners.ApiListingReferenceScanner - Scanning for api listing references
16:16:22.977 10-08-2022 [main] INFO  org.apache.coyote.http11.Http11NioProtocol - Starting ProtocolHandler ["http-nio-8001"]
16:16:22.991 10-08-2022 [main] INFO  o.s.boot.web.embedded.tomcat.TomcatWebServer - Tomcat started on port(s): 8001 (http) with context path ''
16:16:22.994 10-08-2022 [main] INFO  com.sv.EduApplication - Started EduApplication in 3.743 seconds (JVM running for 4.869)
16:16:45.714 10-08-2022 [SpringContextShutdownHook] INFO  o.s.scheduling.concurrent.ThreadPoolTaskExecutor - Shutting down ExecutorService 'applicationTaskExecutor'
16:16:45.716 10-08-2022 [SpringContextShutdownHook] INFO  com.zaxxer.hikari.HikariDataSource - HikariPool-1 - Shutdown initiated...
16:16:45.721 10-08-2022 [SpringContextShutdownHook] INFO  com.zaxxer.hikari.HikariDataSource - HikariPool-1 - Shutdown completed.
16:16:51.603 10-08-2022 [main] INFO  com.sv.EduApplication - Starting EduApplication on OwenLaptop with PID 25348 (D:\IdeaProjects\online_edu\online_edu\service\service_edu\target\classes started by Owen in D:\IdeaProjects\online_edu)
16:16:51.606 10-08-2022 [main] INFO  com.sv.EduApplication - The following profiles are active: dev
16:16:52.363 10-08-2022 [main] INFO  o.s.d.r.config.RepositoryConfigurationDelegate - Multiple Spring Data modules found, entering strict repository configuration mode!
16:16:52.365 10-08-2022 [main] INFO  o.s.d.r.config.RepositoryConfigurationDelegate - Bootstrapping Spring Data repositories in DEFAULT mode.
16:16:52.387 10-08-2022 [main] INFO  o.s.d.r.config.RepositoryConfigurationDelegate - Finished Spring Data repository scanning in 10ms. Found 0 repository interfaces.
16:16:52.601 10-08-2022 [main] INFO  o.s.c.s.PostProcessorRegistrationDelegate$BeanPostProcessorChecker - Bean 'org.springframework.transaction.annotation.ProxyTransactionManagementConfiguration' of type [org.springframework.transaction.annotation.ProxyTransactionManagementConfiguration] is not eligible for getting processed by all BeanPostProcessors (for example: not eligible for auto-proxying)
16:16:52.791 10-08-2022 [main] INFO  o.s.boot.web.embedded.tomcat.TomcatWebServer - Tomcat initialized with port(s): 8001 (http)
16:16:52.797 10-08-2022 [main] INFO  org.apache.coyote.http11.Http11NioProtocol - Initializing ProtocolHandler ["http-nio-8001"]
16:16:52.798 10-08-2022 [main] INFO  org.apache.catalina.core.StandardService - Starting service [Tomcat]
16:16:52.798 10-08-2022 [main] INFO  org.apache.catalina.core.StandardEngine - Starting Servlet engine: [Apache Tomcat/9.0.27]
16:16:52.885 10-08-2022 [main] INFO  o.a.c.core.ContainerBase.[Tomcat].[localhost].[/] - Initializing Spring embedded WebApplicationContext
16:16:52.885 10-08-2022 [main] INFO  org.springframework.web.context.ContextLoader - Root WebApplicationContext: initialization completed in 1241 ms
16:16:53.049 10-08-2022 [main] INFO  com.zaxxer.hikari.HikariDataSource - HikariPool-1 - Starting...
16:16:53.918 10-08-2022 [main] INFO  com.zaxxer.hikari.HikariDataSource - HikariPool-1 - Start completed.
16:16:54.363 10-08-2022 [main] INFO  s.d.s.w.PropertySourcedRequestMappingHandlerMapping - Mapped URL path [/v2/api-docs] onto method [springfox.documentation.swagger2.web.Swagger2Controller#getDocumentation(String, HttpServletRequest)]
16:16:54.472 10-08-2022 [main] INFO  o.s.scheduling.concurrent.ThreadPoolTaskExecutor - Initializing ExecutorService 'applicationTaskExecutor'
16:16:54.955 10-08-2022 [main] INFO  s.d.s.web.plugins.DocumentationPluginsBootstrapper - Context refreshed
16:16:54.970 10-08-2022 [main] INFO  s.d.s.web.plugins.DocumentationPluginsBootstrapper - Found 1 custom documentation plugin(s)
16:16:55.003 10-08-2022 [main] INFO  s.d.spring.web.scanners.ApiListingReferenceScanner - Scanning for api listing references
16:16:55.171 10-08-2022 [main] INFO  org.apache.coyote.http11.Http11NioProtocol - Starting ProtocolHandler ["http-nio-8001"]
16:16:55.189 10-08-2022 [main] INFO  o.s.boot.web.embedded.tomcat.TomcatWebServer - Tomcat started on port(s): 8001 (http) with context path ''
16:16:55.192 10-08-2022 [main] INFO  com.sv.EduApplication - Started EduApplication in 4.001 seconds (JVM running for 5.186)
16:17:54.198 10-08-2022 [http-nio-8001-exec-1] INFO  o.a.c.core.ContainerBase.[Tomcat].[localhost].[/] - Initializing Spring DispatcherServlet 'dispatcherServlet'
16:17:54.198 10-08-2022 [http-nio-8001-exec-1] INFO  org.springframework.web.servlet.DispatcherServlet - Initializing Servlet 'dispatcherServlet'
16:17:54.204 10-08-2022 [http-nio-8001-exec-1] INFO  org.springframework.web.servlet.DispatcherServlet - Completed initialization in 6 ms
16:19:26.505 10-08-2022 [SpringContextShutdownHook] INFO  o.s.scheduling.concurrent.ThreadPoolTaskExecutor - Shutting down ExecutorService 'applicationTaskExecutor'
16:19:26.507 10-08-2022 [SpringContextShutdownHook] INFO  com.zaxxer.hikari.HikariDataSource - HikariPool-1 - Shutdown initiated...
16:19:26.513 10-08-2022 [SpringContextShutdownHook] INFO  com.zaxxer.hikari.HikariDataSource - HikariPool-1 - Shutdown completed.
16:19:32.275 10-08-2022 [main] INFO  com.sv.EduApplication - Starting EduApplication on OwenLaptop with PID 28492 (D:\IdeaProjects\online_edu\online_edu\service\service_edu\target\classes started by Owen in D:\IdeaProjects\online_edu)
16:19:32.277 10-08-2022 [main] INFO  com.sv.EduApplication - The following profiles are active: dev
16:19:32.952 10-08-2022 [main] INFO  o.s.d.r.config.RepositoryConfigurationDelegate - Multiple Spring Data modules found, entering strict repository configuration mode!
16:19:32.954 10-08-2022 [main] INFO  o.s.d.r.config.RepositoryConfigurationDelegate - Bootstrapping Spring Data repositories in DEFAULT mode.
16:19:32.973 10-08-2022 [main] INFO  o.s.d.r.config.RepositoryConfigurationDelegate - Finished Spring Data repository scanning in 9ms. Found 0 repository interfaces.
16:19:33.166 10-08-2022 [main] INFO  o.s.c.s.PostProcessorRegistrationDelegate$BeanPostProcessorChecker - Bean 'org.springframework.transaction.annotation.ProxyTransactionManagementConfiguration' of type [org.springframework.transaction.annotation.ProxyTransactionManagementConfiguration] is not eligible for getting processed by all BeanPostProcessors (for example: not eligible for auto-proxying)
16:19:33.333 10-08-2022 [main] INFO  o.s.boot.web.embedded.tomcat.TomcatWebServer - Tomcat initialized with port(s): 8001 (http)
16:19:33.339 10-08-2022 [main] INFO  org.apache.coyote.http11.Http11NioProtocol - Initializing ProtocolHandler ["http-nio-8001"]
16:19:33.340 10-08-2022 [main] INFO  org.apache.catalina.core.StandardService - Starting service [Tomcat]
16:19:33.340 10-08-2022 [main] INFO  org.apache.catalina.core.StandardEngine - Starting Servlet engine: [Apache Tomcat/9.0.27]
16:19:33.418 10-08-2022 [main] INFO  o.a.c.core.ContainerBase.[Tomcat].[localhost].[/] - Initializing Spring embedded WebApplicationContext
16:19:33.418 10-08-2022 [main] INFO  org.springframework.web.context.ContextLoader - Root WebApplicationContext: initialization completed in 1106 ms
16:19:33.563 10-08-2022 [main] INFO  com.zaxxer.hikari.HikariDataSource - HikariPool-1 - Starting...
16:19:34.351 10-08-2022 [main] INFO  com.zaxxer.hikari.HikariDataSource - HikariPool-1 - Start completed.
16:19:34.701 10-08-2022 [main] INFO  s.d.s.w.PropertySourcedRequestMappingHandlerMapping - Mapped URL path [/v2/api-docs] onto method [springfox.documentation.swagger2.web.Swagger2Controller#getDocumentation(String, HttpServletRequest)]
16:19:34.779 10-08-2022 [main] INFO  o.s.scheduling.concurrent.ThreadPoolTaskExecutor - Initializing ExecutorService 'applicationTaskExecutor'
16:19:35.137 10-08-2022 [main] INFO  s.d.s.web.plugins.DocumentationPluginsBootstrapper - Context refreshed
16:19:35.148 10-08-2022 [main] INFO  s.d.s.web.plugins.DocumentationPluginsBootstrapper - Found 1 custom documentation plugin(s)
16:19:35.171 10-08-2022 [main] INFO  s.d.spring.web.scanners.ApiListingReferenceScanner - Scanning for api listing references
16:19:35.304 10-08-2022 [main] INFO  org.apache.coyote.http11.Http11NioProtocol - Starting ProtocolHandler ["http-nio-8001"]
16:19:35.317 10-08-2022 [main] INFO  o.s.boot.web.embedded.tomcat.TomcatWebServer - Tomcat started on port(s): 8001 (http) with context path ''
16:19:35.319 10-08-2022 [main] INFO  com.sv.EduApplication - Started EduApplication in 3.415 seconds (JVM running for 4.452)
16:19:46.254 10-08-2022 [http-nio-8001-exec-1] INFO  o.a.c.core.ContainerBase.[Tomcat].[localhost].[/] - Initializing Spring DispatcherServlet 'dispatcherServlet'
16:19:46.254 10-08-2022 [http-nio-8001-exec-1] INFO  org.springframework.web.servlet.DispatcherServlet - Initializing Servlet 'dispatcherServlet'
16:19:46.260 10-08-2022 [http-nio-8001-exec-1] INFO  org.springframework.web.servlet.DispatcherServlet - Completed initialization in 6 ms
17:32:24.905 10-08-2022 [SpringContextShutdownHook] INFO  o.s.scheduling.concurrent.ThreadPoolTaskExecutor - Shutting down ExecutorService 'applicationTaskExecutor'
17:32:24.907 10-08-2022 [SpringContextShutdownHook] INFO  com.zaxxer.hikari.HikariDataSource - HikariPool-1 - Shutdown initiated...
17:32:24.914 10-08-2022 [SpringContextShutdownHook] INFO  com.zaxxer.hikari.HikariDataSource - HikariPool-1 - Shutdown completed.
