12:56:23.934 25-08-2022 [main] INFO  com.sv.EduApplication - Starting EduApplication on OwenLaptop with PID 10204 (D:\IdeaProjects\online_edu\online_edu\service\service_edu\target\classes started by Owen in D:\IdeaProjects\online_edu)
12:56:23.938 25-08-2022 [main] INFO  com.sv.EduApplication - The following profiles are active: dev
12:56:24.792 25-08-2022 [main] INFO  o.s.d.r.config.RepositoryConfigurationDelegate - Multiple Spring Data modules found, entering strict repository configuration mode!
12:56:24.795 25-08-2022 [main] INFO  o.s.d.r.config.RepositoryConfigurationDelegate - Bootstrapping Spring Data repositories in DEFAULT mode.
12:56:24.822 25-08-2022 [main] INFO  o.s.d.r.config.RepositoryConfigurationDelegate - Finished Spring Data repository scanning in 13ms. Found 0 repository interfaces.
12:56:25.056 25-08-2022 [main] INFO  o.s.c.s.PostProcessorRegistrationDelegate$BeanPostProcessorChecker - Bean 'org.springframework.transaction.annotation.ProxyTransactionManagementConfiguration' of type [org.springframework.transaction.annotation.ProxyTransactionManagementConfiguration] is not eligible for getting processed by all BeanPostProcessors (for example: not eligible for auto-proxying)
12:56:25.281 25-08-2022 [main] INFO  o.s.boot.web.embedded.tomcat.TomcatWebServer - Tomcat initialized with port(s): 8001 (http)
12:56:25.289 25-08-2022 [main] INFO  org.apache.coyote.http11.Http11NioProtocol - Initializing ProtocolHandler ["http-nio-8001"]
12:56:25.289 25-08-2022 [main] INFO  org.apache.catalina.core.StandardService - Starting service [Tomcat]
12:56:25.289 25-08-2022 [main] INFO  org.apache.catalina.core.StandardEngine - Starting Servlet engine: [Apache Tomcat/9.0.27]
12:56:25.386 25-08-2022 [main] INFO  o.a.c.core.ContainerBase.[Tomcat].[localhost].[/] - Initializing Spring embedded WebApplicationContext
12:56:25.386 25-08-2022 [main] INFO  org.springframework.web.context.ContextLoader - Root WebApplicationContext: initialization completed in 1407 ms
12:56:25.577 25-08-2022 [main] INFO  com.zaxxer.hikari.HikariDataSource - HikariPool-1 - Starting...
12:56:26.603 25-08-2022 [main] INFO  com.zaxxer.hikari.HikariDataSource - HikariPool-1 - Start completed.
12:56:27.176 25-08-2022 [main] INFO  s.d.s.w.PropertySourcedRequestMappingHandlerMapping - Mapped URL path [/v2/api-docs] onto method [springfox.documentation.swagger2.web.Swagger2Controller#getDocumentation(String, HttpServletRequest)]
12:56:27.275 25-08-2022 [main] INFO  o.s.scheduling.concurrent.ThreadPoolTaskExecutor - Initializing ExecutorService 'applicationTaskExecutor'
12:56:27.759 25-08-2022 [main] INFO  s.d.s.web.plugins.DocumentationPluginsBootstrapper - Context refreshed
12:56:27.775 25-08-2022 [main] INFO  s.d.s.web.plugins.DocumentationPluginsBootstrapper - Found 1 custom documentation plugin(s)
12:56:27.807 25-08-2022 [main] INFO  s.d.spring.web.scanners.ApiListingReferenceScanner - Scanning for api listing references
12:56:27.966 25-08-2022 [main] INFO  org.apache.coyote.http11.Http11NioProtocol - Starting ProtocolHandler ["http-nio-8001"]
12:56:27.983 25-08-2022 [main] INFO  o.s.boot.web.embedded.tomcat.TomcatWebServer - Tomcat started on port(s): 8001 (http) with context path ''
12:56:27.985 25-08-2022 [main] INFO  com.sv.EduApplication - Started EduApplication in 4.574 seconds (JVM running for 6.065)
12:56:49.307 25-08-2022 [http-nio-8001-exec-1] INFO  o.a.c.core.ContainerBase.[Tomcat].[localhost].[/] - Initializing Spring DispatcherServlet 'dispatcherServlet'
12:56:49.308 25-08-2022 [http-nio-8001-exec-1] INFO  org.springframework.web.servlet.DispatcherServlet - Initializing Servlet 'dispatcherServlet'
12:56:49.315 25-08-2022 [http-nio-8001-exec-1] INFO  org.springframework.web.servlet.DispatcherServlet - Completed initialization in 7 ms
14:14:13.663 25-08-2022 [SpringContextShutdownHook] INFO  o.s.scheduling.concurrent.ThreadPoolTaskExecutor - Shutting down ExecutorService 'applicationTaskExecutor'
14:14:13.665 25-08-2022 [SpringContextShutdownHook] INFO  com.zaxxer.hikari.HikariDataSource - HikariPool-1 - Shutdown initiated...
14:14:13.671 25-08-2022 [SpringContextShutdownHook] INFO  com.zaxxer.hikari.HikariDataSource - HikariPool-1 - Shutdown completed.
15:54:17.783 25-08-2022 [main] INFO  com.sv.EduApplication - Starting EduApplication on OwenLaptop with PID 26952 (D:\IdeaProjects\online_edu\online_edu\service\service_edu\target\classes started by Owen in D:\IdeaProjects\online_edu)
15:54:17.785 25-08-2022 [main] INFO  com.sv.EduApplication - The following profiles are active: dev
15:54:18.574 25-08-2022 [main] INFO  o.s.d.r.config.RepositoryConfigurationDelegate - Multiple Spring Data modules found, entering strict repository configuration mode!
15:54:18.577 25-08-2022 [main] INFO  o.s.d.r.config.RepositoryConfigurationDelegate - Bootstrapping Spring Data repositories in DEFAULT mode.
15:54:18.609 25-08-2022 [main] INFO  o.s.d.r.config.RepositoryConfigurationDelegate - Finished Spring Data repository scanning in 18ms. Found 0 repository interfaces.
15:54:18.858 25-08-2022 [main] INFO  o.s.c.s.PostProcessorRegistrationDelegate$BeanPostProcessorChecker - Bean 'org.springframework.transaction.annotation.ProxyTransactionManagementConfiguration' of type [org.springframework.transaction.annotation.ProxyTransactionManagementConfiguration] is not eligible for getting processed by all BeanPostProcessors (for example: not eligible for auto-proxying)
15:54:19.104 25-08-2022 [main] INFO  o.s.boot.web.embedded.tomcat.TomcatWebServer - Tomcat initialized with port(s): 8001 (http)
15:54:19.112 25-08-2022 [main] INFO  org.apache.coyote.http11.Http11NioProtocol - Initializing ProtocolHandler ["http-nio-8001"]
15:54:19.113 25-08-2022 [main] INFO  org.apache.catalina.core.StandardService - Starting service [Tomcat]
15:54:19.113 25-08-2022 [main] INFO  org.apache.catalina.core.StandardEngine - Starting Servlet engine: [Apache Tomcat/9.0.27]
15:54:19.210 25-08-2022 [main] INFO  o.a.c.core.ContainerBase.[Tomcat].[localhost].[/] - Initializing Spring embedded WebApplicationContext
15:54:19.210 25-08-2022 [main] INFO  org.springframework.web.context.ContextLoader - Root WebApplicationContext: initialization completed in 1386 ms
15:54:19.392 25-08-2022 [main] INFO  com.zaxxer.hikari.HikariDataSource - HikariPool-1 - Starting...
15:54:20.275 25-08-2022 [main] INFO  com.zaxxer.hikari.HikariDataSource - HikariPool-1 - Start completed.
15:54:20.778 25-08-2022 [main] INFO  s.d.s.w.PropertySourcedRequestMappingHandlerMapping - Mapped URL path [/v2/api-docs] onto method [springfox.documentation.swagger2.web.Swagger2Controller#getDocumentation(String, HttpServletRequest)]
15:54:20.874 25-08-2022 [main] INFO  o.s.scheduling.concurrent.ThreadPoolTaskExecutor - Initializing ExecutorService 'applicationTaskExecutor'
15:54:21.234 25-08-2022 [main] INFO  s.d.s.web.plugins.DocumentationPluginsBootstrapper - Context refreshed
15:54:21.247 25-08-2022 [main] INFO  s.d.s.web.plugins.DocumentationPluginsBootstrapper - Found 1 custom documentation plugin(s)
15:54:21.275 25-08-2022 [main] INFO  s.d.spring.web.scanners.ApiListingReferenceScanner - Scanning for api listing references
15:54:21.435 25-08-2022 [main] INFO  org.apache.coyote.http11.Http11NioProtocol - Starting ProtocolHandler ["http-nio-8001"]
15:54:21.450 25-08-2022 [main] INFO  o.s.boot.web.embedded.tomcat.TomcatWebServer - Tomcat started on port(s): 8001 (http) with context path ''
15:54:21.452 25-08-2022 [main] INFO  com.sv.EduApplication - Started EduApplication in 4.083 seconds (JVM running for 5.269)
15:59:21.526 25-08-2022 [http-nio-8001-exec-1] INFO  o.a.c.core.ContainerBase.[Tomcat].[localhost].[/] - Initializing Spring DispatcherServlet 'dispatcherServlet'
15:59:21.526 25-08-2022 [http-nio-8001-exec-1] INFO  org.springframework.web.servlet.DispatcherServlet - Initializing Servlet 'dispatcherServlet'
15:59:21.531 25-08-2022 [http-nio-8001-exec-1] INFO  org.springframework.web.servlet.DispatcherServlet - Completed initialization in 5 ms
16:04:24.718 25-08-2022 [SpringContextShutdownHook] INFO  o.s.scheduling.concurrent.ThreadPoolTaskExecutor - Shutting down ExecutorService 'applicationTaskExecutor'
16:04:24.720 25-08-2022 [SpringContextShutdownHook] INFO  com.zaxxer.hikari.HikariDataSource - HikariPool-1 - Shutdown initiated...
16:04:24.725 25-08-2022 [SpringContextShutdownHook] INFO  com.zaxxer.hikari.HikariDataSource - HikariPool-1 - Shutdown completed.
16:04:30.482 25-08-2022 [main] INFO  com.sv.EduApplication - Starting EduApplication on OwenLaptop with PID 15240 (D:\IdeaProjects\online_edu\online_edu\service\service_edu\target\classes started by Owen in D:\IdeaProjects\online_edu)
16:04:30.485 25-08-2022 [main] INFO  com.sv.EduApplication - The following profiles are active: dev
16:04:31.202 25-08-2022 [main] INFO  o.s.d.r.config.RepositoryConfigurationDelegate - Multiple Spring Data modules found, entering strict repository configuration mode!
16:04:31.204 25-08-2022 [main] INFO  o.s.d.r.config.RepositoryConfigurationDelegate - Bootstrapping Spring Data repositories in DEFAULT mode.
16:04:31.224 25-08-2022 [main] INFO  o.s.d.r.config.RepositoryConfigurationDelegate - Finished Spring Data repository scanning in 11ms. Found 0 repository interfaces.
16:04:31.424 25-08-2022 [main] INFO  o.s.c.s.PostProcessorRegistrationDelegate$BeanPostProcessorChecker - Bean 'org.springframework.transaction.annotation.ProxyTransactionManagementConfiguration' of type [org.springframework.transaction.annotation.ProxyTransactionManagementConfiguration] is not eligible for getting processed by all BeanPostProcessors (for example: not eligible for auto-proxying)
16:04:31.602 25-08-2022 [main] INFO  o.s.boot.web.embedded.tomcat.TomcatWebServer - Tomcat initialized with port(s): 8001 (http)
16:04:31.609 25-08-2022 [main] INFO  org.apache.coyote.http11.Http11NioProtocol - Initializing ProtocolHandler ["http-nio-8001"]
16:04:31.609 25-08-2022 [main] INFO  org.apache.catalina.core.StandardService - Starting service [Tomcat]
16:04:31.609 25-08-2022 [main] INFO  org.apache.catalina.core.StandardEngine - Starting Servlet engine: [Apache Tomcat/9.0.27]
16:04:31.696 25-08-2022 [main] INFO  o.a.c.core.ContainerBase.[Tomcat].[localhost].[/] - Initializing Spring embedded WebApplicationContext
16:04:31.697 25-08-2022 [main] INFO  org.springframework.web.context.ContextLoader - Root WebApplicationContext: initialization completed in 1177 ms
16:04:31.853 25-08-2022 [main] INFO  com.zaxxer.hikari.HikariDataSource - HikariPool-1 - Starting...
16:04:32.672 25-08-2022 [main] INFO  com.zaxxer.hikari.HikariDataSource - HikariPool-1 - Start completed.
16:04:33.156 25-08-2022 [main] INFO  s.d.s.w.PropertySourcedRequestMappingHandlerMapping - Mapped URL path [/v2/api-docs] onto method [springfox.documentation.swagger2.web.Swagger2Controller#getDocumentation(String, HttpServletRequest)]
16:04:33.243 25-08-2022 [main] INFO  o.s.scheduling.concurrent.ThreadPoolTaskExecutor - Initializing ExecutorService 'applicationTaskExecutor'
16:04:33.610 25-08-2022 [main] INFO  s.d.s.web.plugins.DocumentationPluginsBootstrapper - Context refreshed
16:04:33.621 25-08-2022 [main] INFO  s.d.s.web.plugins.DocumentationPluginsBootstrapper - Found 1 custom documentation plugin(s)
16:04:33.648 25-08-2022 [main] INFO  s.d.spring.web.scanners.ApiListingReferenceScanner - Scanning for api listing references
16:04:33.811 25-08-2022 [main] INFO  org.apache.coyote.http11.Http11NioProtocol - Starting ProtocolHandler ["http-nio-8001"]
16:04:33.825 25-08-2022 [main] INFO  o.s.boot.web.embedded.tomcat.TomcatWebServer - Tomcat started on port(s): 8001 (http) with context path ''
16:04:33.828 25-08-2022 [main] INFO  com.sv.EduApplication - Started EduApplication in 3.735 seconds (JVM running for 4.887)
16:05:06.081 25-08-2022 [http-nio-8001-exec-1] INFO  o.a.c.core.ContainerBase.[Tomcat].[localhost].[/] - Initializing Spring DispatcherServlet 'dispatcherServlet'
16:05:06.081 25-08-2022 [http-nio-8001-exec-1] INFO  org.springframework.web.servlet.DispatcherServlet - Initializing Servlet 'dispatcherServlet'
16:05:06.088 25-08-2022 [http-nio-8001-exec-1] INFO  org.springframework.web.servlet.DispatcherServlet - Completed initialization in 7 ms
16:58:11.009 25-08-2022 [SpringContextShutdownHook] INFO  o.s.scheduling.concurrent.ThreadPoolTaskExecutor - Shutting down ExecutorService 'applicationTaskExecutor'
16:58:11.011 25-08-2022 [SpringContextShutdownHook] INFO  com.zaxxer.hikari.HikariDataSource - HikariPool-1 - Shutdown initiated...
16:58:11.016 25-08-2022 [SpringContextShutdownHook] INFO  com.zaxxer.hikari.HikariDataSource - HikariPool-1 - Shutdown completed.
