16:38:25.036 12-08-2022 [main] INFO  com.sv.EduApplication - Starting EduApplication on OwenLaptop with PID 25384 (D:\IdeaProjects\online_edu\online_edu\service\service_edu\target\classes started by Owen in D:\IdeaProjects\online_edu)
16:38:25.041 12-08-2022 [main] INFO  com.sv.EduApplication - The following profiles are active: dev
16:38:25.865 12-08-2022 [main] INFO  o.s.d.r.config.RepositoryConfigurationDelegate - Multiple Spring Data modules found, entering strict repository configuration mode!
16:38:25.867 12-08-2022 [main] INFO  o.s.d.r.config.RepositoryConfigurationDelegate - Bootstrapping Spring Data repositories in DEFAULT mode.
16:38:25.895 12-08-2022 [main] INFO  o.s.d.r.config.RepositoryConfigurationDelegate - Finished Spring Data repository scanning in 13ms. Found 0 repository interfaces.
16:38:26.134 12-08-2022 [main] INFO  o.s.c.s.PostProcessorRegistrationDelegate$BeanPostProcessorChecker - Bean 'org.springframework.transaction.annotation.ProxyTransactionManagementConfiguration' of type [org.springframework.transaction.annotation.ProxyTransactionManagementConfiguration] is not eligible for getting processed by all BeanPostProcessors (for example: not eligible for auto-proxying)
16:38:26.360 12-08-2022 [main] INFO  o.s.boot.web.embedded.tomcat.TomcatWebServer - Tomcat initialized with port(s): 8001 (http)
16:38:26.368 12-08-2022 [main] INFO  org.apache.coyote.http11.Http11NioProtocol - Initializing ProtocolHandler ["http-nio-8001"]
16:38:26.369 12-08-2022 [main] INFO  org.apache.catalina.core.StandardService - Starting service [Tomcat]
16:38:26.369 12-08-2022 [main] INFO  org.apache.catalina.core.StandardEngine - Starting Servlet engine: [Apache Tomcat/9.0.27]
16:38:26.461 12-08-2022 [main] INFO  o.a.c.core.ContainerBase.[Tomcat].[localhost].[/] - Initializing Spring embedded WebApplicationContext
16:38:26.461 12-08-2022 [main] INFO  org.springframework.web.context.ContextLoader - Root WebApplicationContext: initialization completed in 1377 ms
16:38:26.639 12-08-2022 [main] INFO  com.zaxxer.hikari.HikariDataSource - HikariPool-1 - Starting...
16:38:27.570 12-08-2022 [main] INFO  com.zaxxer.hikari.HikariDataSource - HikariPool-1 - Start completed.
16:38:28.090 12-08-2022 [main] INFO  s.d.s.w.PropertySourcedRequestMappingHandlerMapping - Mapped URL path [/v2/api-docs] onto method [springfox.documentation.swagger2.web.Swagger2Controller#getDocumentation(String, HttpServletRequest)]
16:38:28.192 12-08-2022 [main] INFO  o.s.scheduling.concurrent.ThreadPoolTaskExecutor - Initializing ExecutorService 'applicationTaskExecutor'
16:38:28.641 12-08-2022 [main] INFO  s.d.s.web.plugins.DocumentationPluginsBootstrapper - Context refreshed
16:38:28.658 12-08-2022 [main] INFO  s.d.s.web.plugins.DocumentationPluginsBootstrapper - Found 1 custom documentation plugin(s)
16:38:28.689 12-08-2022 [main] INFO  s.d.spring.web.scanners.ApiListingReferenceScanner - Scanning for api listing references
16:38:28.849 12-08-2022 [main] INFO  org.apache.coyote.http11.Http11NioProtocol - Starting ProtocolHandler ["http-nio-8001"]
16:38:28.863 12-08-2022 [main] INFO  o.s.boot.web.embedded.tomcat.TomcatWebServer - Tomcat started on port(s): 8001 (http) with context path ''
16:38:28.866 12-08-2022 [main] INFO  com.sv.EduApplication - Started EduApplication in 4.275 seconds (JVM running for 5.474)
16:39:37.708 12-08-2022 [http-nio-8001-exec-1] INFO  o.a.c.core.ContainerBase.[Tomcat].[localhost].[/] - Initializing Spring DispatcherServlet 'dispatcherServlet'
16:39:37.709 12-08-2022 [http-nio-8001-exec-1] INFO  org.springframework.web.servlet.DispatcherServlet - Initializing Servlet 'dispatcherServlet'
16:39:37.715 12-08-2022 [http-nio-8001-exec-1] INFO  org.springframework.web.servlet.DispatcherServlet - Completed initialization in 6 ms
16:42:14.177 12-08-2022 [SpringContextShutdownHook] INFO  o.s.scheduling.concurrent.ThreadPoolTaskExecutor - Shutting down ExecutorService 'applicationTaskExecutor'
16:42:14.178 12-08-2022 [SpringContextShutdownHook] INFO  com.zaxxer.hikari.HikariDataSource - HikariPool-1 - Shutdown initiated...
16:42:14.183 12-08-2022 [SpringContextShutdownHook] INFO  com.zaxxer.hikari.HikariDataSource - HikariPool-1 - Shutdown completed.
16:42:20.034 12-08-2022 [main] INFO  com.sv.EduApplication - Starting EduApplication on OwenLaptop with PID 10420 (D:\IdeaProjects\online_edu\online_edu\service\service_edu\target\classes started by Owen in D:\IdeaProjects\online_edu)
16:42:20.037 12-08-2022 [main] INFO  com.sv.EduApplication - The following profiles are active: dev
16:42:20.760 12-08-2022 [main] INFO  o.s.d.r.config.RepositoryConfigurationDelegate - Multiple Spring Data modules found, entering strict repository configuration mode!
16:42:20.762 12-08-2022 [main] INFO  o.s.d.r.config.RepositoryConfigurationDelegate - Bootstrapping Spring Data repositories in DEFAULT mode.
16:42:20.783 12-08-2022 [main] INFO  o.s.d.r.config.RepositoryConfigurationDelegate - Finished Spring Data repository scanning in 11ms. Found 0 repository interfaces.
16:42:20.987 12-08-2022 [main] INFO  o.s.c.s.PostProcessorRegistrationDelegate$BeanPostProcessorChecker - Bean 'org.springframework.transaction.annotation.ProxyTransactionManagementConfiguration' of type [org.springframework.transaction.annotation.ProxyTransactionManagementConfiguration] is not eligible for getting processed by all BeanPostProcessors (for example: not eligible for auto-proxying)
16:42:21.168 12-08-2022 [main] INFO  o.s.boot.web.embedded.tomcat.TomcatWebServer - Tomcat initialized with port(s): 8001 (http)
16:42:21.175 12-08-2022 [main] INFO  org.apache.coyote.http11.Http11NioProtocol - Initializing ProtocolHandler ["http-nio-8001"]
16:42:21.175 12-08-2022 [main] INFO  org.apache.catalina.core.StandardService - Starting service [Tomcat]
16:42:21.176 12-08-2022 [main] INFO  org.apache.catalina.core.StandardEngine - Starting Servlet engine: [Apache Tomcat/9.0.27]
16:42:21.260 12-08-2022 [main] INFO  o.a.c.core.ContainerBase.[Tomcat].[localhost].[/] - Initializing Spring embedded WebApplicationContext
16:42:21.261 12-08-2022 [main] INFO  org.springframework.web.context.ContextLoader - Root WebApplicationContext: initialization completed in 1187 ms
16:42:21.416 12-08-2022 [main] INFO  com.zaxxer.hikari.HikariDataSource - HikariPool-1 - Starting...
16:42:22.207 12-08-2022 [main] INFO  com.zaxxer.hikari.HikariDataSource - HikariPool-1 - Start completed.
16:42:22.685 12-08-2022 [main] INFO  s.d.s.w.PropertySourcedRequestMappingHandlerMapping - Mapped URL path [/v2/api-docs] onto method [springfox.documentation.swagger2.web.Swagger2Controller#getDocumentation(String, HttpServletRequest)]
16:42:22.768 12-08-2022 [main] INFO  o.s.scheduling.concurrent.ThreadPoolTaskExecutor - Initializing ExecutorService 'applicationTaskExecutor'
16:42:23.131 12-08-2022 [main] INFO  s.d.s.web.plugins.DocumentationPluginsBootstrapper - Context refreshed
16:42:23.143 12-08-2022 [main] INFO  s.d.s.web.plugins.DocumentationPluginsBootstrapper - Found 1 custom documentation plugin(s)
16:42:23.171 12-08-2022 [main] INFO  s.d.spring.web.scanners.ApiListingReferenceScanner - Scanning for api listing references
16:42:23.327 12-08-2022 [main] INFO  org.apache.coyote.http11.Http11NioProtocol - Starting ProtocolHandler ["http-nio-8001"]
16:42:23.343 12-08-2022 [main] INFO  o.s.boot.web.embedded.tomcat.TomcatWebServer - Tomcat started on port(s): 8001 (http) with context path ''
16:42:23.345 12-08-2022 [main] INFO  com.sv.EduApplication - Started EduApplication in 3.748 seconds (JVM running for 4.938)
16:42:39.322 12-08-2022 [http-nio-8001-exec-1] INFO  o.a.c.core.ContainerBase.[Tomcat].[localhost].[/] - Initializing Spring DispatcherServlet 'dispatcherServlet'
16:42:39.322 12-08-2022 [http-nio-8001-exec-1] INFO  org.springframework.web.servlet.DispatcherServlet - Initializing Servlet 'dispatcherServlet'
16:42:39.328 12-08-2022 [http-nio-8001-exec-1] INFO  org.springframework.web.servlet.DispatcherServlet - Completed initialization in 5 ms
16:48:39.752 12-08-2022 [SpringContextShutdownHook] INFO  o.s.scheduling.concurrent.ThreadPoolTaskExecutor - Shutting down ExecutorService 'applicationTaskExecutor'
16:48:39.754 12-08-2022 [SpringContextShutdownHook] INFO  com.zaxxer.hikari.HikariDataSource - HikariPool-1 - Shutdown initiated...
16:48:39.760 12-08-2022 [SpringContextShutdownHook] INFO  com.zaxxer.hikari.HikariDataSource - HikariPool-1 - Shutdown completed.
16:48:45.503 12-08-2022 [main] INFO  com.sv.EduApplication - Starting EduApplication on OwenLaptop with PID 26936 (D:\IdeaProjects\online_edu\online_edu\service\service_edu\target\classes started by Owen in D:\IdeaProjects\online_edu)
16:48:45.506 12-08-2022 [main] INFO  com.sv.EduApplication - The following profiles are active: dev
16:48:46.191 12-08-2022 [main] INFO  o.s.d.r.config.RepositoryConfigurationDelegate - Multiple Spring Data modules found, entering strict repository configuration mode!
16:48:46.193 12-08-2022 [main] INFO  o.s.d.r.config.RepositoryConfigurationDelegate - Bootstrapping Spring Data repositories in DEFAULT mode.
16:48:46.213 12-08-2022 [main] INFO  o.s.d.r.config.RepositoryConfigurationDelegate - Finished Spring Data repository scanning in 10ms. Found 0 repository interfaces.
16:48:46.405 12-08-2022 [main] INFO  o.s.c.s.PostProcessorRegistrationDelegate$BeanPostProcessorChecker - Bean 'org.springframework.transaction.annotation.ProxyTransactionManagementConfiguration' of type [org.springframework.transaction.annotation.ProxyTransactionManagementConfiguration] is not eligible for getting processed by all BeanPostProcessors (for example: not eligible for auto-proxying)
16:48:46.568 12-08-2022 [main] INFO  o.s.boot.web.embedded.tomcat.TomcatWebServer - Tomcat initialized with port(s): 8001 (http)
16:48:46.574 12-08-2022 [main] INFO  org.apache.coyote.http11.Http11NioProtocol - Initializing ProtocolHandler ["http-nio-8001"]
16:48:46.574 12-08-2022 [main] INFO  org.apache.catalina.core.StandardService - Starting service [Tomcat]
16:48:46.575 12-08-2022 [main] INFO  org.apache.catalina.core.StandardEngine - Starting Servlet engine: [Apache Tomcat/9.0.27]
16:48:46.653 12-08-2022 [main] INFO  o.a.c.core.ContainerBase.[Tomcat].[localhost].[/] - Initializing Spring embedded WebApplicationContext
16:48:46.653 12-08-2022 [main] INFO  org.springframework.web.context.ContextLoader - Root WebApplicationContext: initialization completed in 1114 ms
16:48:46.795 12-08-2022 [main] INFO  com.zaxxer.hikari.HikariDataSource - HikariPool-1 - Starting...
16:48:47.621 12-08-2022 [main] INFO  com.zaxxer.hikari.HikariDataSource - HikariPool-1 - Start completed.
16:48:48.077 12-08-2022 [main] INFO  s.d.s.w.PropertySourcedRequestMappingHandlerMapping - Mapped URL path [/v2/api-docs] onto method [springfox.documentation.swagger2.web.Swagger2Controller#getDocumentation(String, HttpServletRequest)]
16:48:48.159 12-08-2022 [main] INFO  o.s.scheduling.concurrent.ThreadPoolTaskExecutor - Initializing ExecutorService 'applicationTaskExecutor'
16:48:48.503 12-08-2022 [main] INFO  s.d.s.web.plugins.DocumentationPluginsBootstrapper - Context refreshed
16:48:48.514 12-08-2022 [main] INFO  s.d.s.web.plugins.DocumentationPluginsBootstrapper - Found 1 custom documentation plugin(s)
16:48:48.538 12-08-2022 [main] INFO  s.d.spring.web.scanners.ApiListingReferenceScanner - Scanning for api listing references
16:48:48.677 12-08-2022 [main] INFO  org.apache.coyote.http11.Http11NioProtocol - Starting ProtocolHandler ["http-nio-8001"]
16:48:48.692 12-08-2022 [main] INFO  o.s.boot.web.embedded.tomcat.TomcatWebServer - Tomcat started on port(s): 8001 (http) with context path ''
16:48:48.694 12-08-2022 [main] INFO  com.sv.EduApplication - Started EduApplication in 3.553 seconds (JVM running for 4.713)
16:49:30.672 12-08-2022 [http-nio-8001-exec-1] INFO  o.a.c.core.ContainerBase.[Tomcat].[localhost].[/] - Initializing Spring DispatcherServlet 'dispatcherServlet'
16:49:30.673 12-08-2022 [http-nio-8001-exec-1] INFO  org.springframework.web.servlet.DispatcherServlet - Initializing Servlet 'dispatcherServlet'
16:49:30.678 12-08-2022 [http-nio-8001-exec-1] INFO  org.springframework.web.servlet.DispatcherServlet - Completed initialization in 5 ms
16:50:41.590 12-08-2022 [SpringContextShutdownHook] INFO  o.s.scheduling.concurrent.ThreadPoolTaskExecutor - Shutting down ExecutorService 'applicationTaskExecutor'
16:50:41.592 12-08-2022 [SpringContextShutdownHook] INFO  com.zaxxer.hikari.HikariDataSource - HikariPool-1 - Shutdown initiated...
16:50:41.597 12-08-2022 [SpringContextShutdownHook] INFO  com.zaxxer.hikari.HikariDataSource - HikariPool-1 - Shutdown completed.
16:50:47.583 12-08-2022 [main] INFO  com.sv.EduApplication - Starting EduApplication on OwenLaptop with PID 23768 (D:\IdeaProjects\online_edu\online_edu\service\service_edu\target\classes started by Owen in D:\IdeaProjects\online_edu)
16:50:47.585 12-08-2022 [main] INFO  com.sv.EduApplication - The following profiles are active: dev
16:50:48.267 12-08-2022 [main] INFO  o.s.d.r.config.RepositoryConfigurationDelegate - Multiple Spring Data modules found, entering strict repository configuration mode!
16:50:48.268 12-08-2022 [main] INFO  o.s.d.r.config.RepositoryConfigurationDelegate - Bootstrapping Spring Data repositories in DEFAULT mode.
16:50:48.288 12-08-2022 [main] INFO  o.s.d.r.config.RepositoryConfigurationDelegate - Finished Spring Data repository scanning in 10ms. Found 0 repository interfaces.
16:50:48.483 12-08-2022 [main] INFO  o.s.c.s.PostProcessorRegistrationDelegate$BeanPostProcessorChecker - Bean 'org.springframework.transaction.annotation.ProxyTransactionManagementConfiguration' of type [org.springframework.transaction.annotation.ProxyTransactionManagementConfiguration] is not eligible for getting processed by all BeanPostProcessors (for example: not eligible for auto-proxying)
16:50:48.654 12-08-2022 [main] INFO  o.s.boot.web.embedded.tomcat.TomcatWebServer - Tomcat initialized with port(s): 8001 (http)
16:50:48.660 12-08-2022 [main] INFO  org.apache.coyote.http11.Http11NioProtocol - Initializing ProtocolHandler ["http-nio-8001"]
16:50:48.661 12-08-2022 [main] INFO  org.apache.catalina.core.StandardService - Starting service [Tomcat]
16:50:48.661 12-08-2022 [main] INFO  org.apache.catalina.core.StandardEngine - Starting Servlet engine: [Apache Tomcat/9.0.27]
16:50:48.738 12-08-2022 [main] INFO  o.a.c.core.ContainerBase.[Tomcat].[localhost].[/] - Initializing Spring embedded WebApplicationContext
16:50:48.739 12-08-2022 [main] INFO  org.springframework.web.context.ContextLoader - Root WebApplicationContext: initialization completed in 1122 ms
16:50:48.882 12-08-2022 [main] INFO  com.zaxxer.hikari.HikariDataSource - HikariPool-1 - Starting...
16:50:49.698 12-08-2022 [main] INFO  com.zaxxer.hikari.HikariDataSource - HikariPool-1 - Start completed.
16:50:50.188 12-08-2022 [main] INFO  s.d.s.w.PropertySourcedRequestMappingHandlerMapping - Mapped URL path [/v2/api-docs] onto method [springfox.documentation.swagger2.web.Swagger2Controller#getDocumentation(String, HttpServletRequest)]
16:50:50.279 12-08-2022 [main] INFO  o.s.scheduling.concurrent.ThreadPoolTaskExecutor - Initializing ExecutorService 'applicationTaskExecutor'
16:50:50.660 12-08-2022 [main] INFO  s.d.s.web.plugins.DocumentationPluginsBootstrapper - Context refreshed
16:50:50.673 12-08-2022 [main] INFO  s.d.s.web.plugins.DocumentationPluginsBootstrapper - Found 1 custom documentation plugin(s)
16:50:50.701 12-08-2022 [main] INFO  s.d.spring.web.scanners.ApiListingReferenceScanner - Scanning for api listing references
16:50:50.854 12-08-2022 [main] INFO  org.apache.coyote.http11.Http11NioProtocol - Starting ProtocolHandler ["http-nio-8001"]
16:50:50.868 12-08-2022 [main] INFO  o.s.boot.web.embedded.tomcat.TomcatWebServer - Tomcat started on port(s): 8001 (http) with context path ''
16:50:50.871 12-08-2022 [main] INFO  com.sv.EduApplication - Started EduApplication in 3.637 seconds (JVM running for 4.787)
16:51:00.129 12-08-2022 [http-nio-8001-exec-1] INFO  o.a.c.core.ContainerBase.[Tomcat].[localhost].[/] - Initializing Spring DispatcherServlet 'dispatcherServlet'
16:51:00.129 12-08-2022 [http-nio-8001-exec-1] INFO  org.springframework.web.servlet.DispatcherServlet - Initializing Servlet 'dispatcherServlet'
16:51:00.135 12-08-2022 [http-nio-8001-exec-1] INFO  org.springframework.web.servlet.DispatcherServlet - Completed initialization in 6 ms
16:53:16.541 12-08-2022 [SpringContextShutdownHook] INFO  o.s.scheduling.concurrent.ThreadPoolTaskExecutor - Shutting down ExecutorService 'applicationTaskExecutor'
16:53:16.542 12-08-2022 [SpringContextShutdownHook] INFO  com.zaxxer.hikari.HikariDataSource - HikariPool-1 - Shutdown initiated...
16:53:16.547 12-08-2022 [SpringContextShutdownHook] INFO  com.zaxxer.hikari.HikariDataSource - HikariPool-1 - Shutdown completed.
16:53:20.892 12-08-2022 [main] INFO  com.sv.EduApplication - Starting EduApplication on OwenLaptop with PID 29348 (D:\IdeaProjects\online_edu\online_edu\service\service_edu\target\classes started by Owen in D:\IdeaProjects\online_edu)
16:53:20.894 12-08-2022 [main] INFO  com.sv.EduApplication - The following profiles are active: dev
16:53:21.617 12-08-2022 [main] INFO  o.s.d.r.config.RepositoryConfigurationDelegate - Multiple Spring Data modules found, entering strict repository configuration mode!
16:53:21.619 12-08-2022 [main] INFO  o.s.d.r.config.RepositoryConfigurationDelegate - Bootstrapping Spring Data repositories in DEFAULT mode.
16:53:21.643 12-08-2022 [main] INFO  o.s.d.r.config.RepositoryConfigurationDelegate - Finished Spring Data repository scanning in 12ms. Found 0 repository interfaces.
16:53:21.869 12-08-2022 [main] INFO  o.s.c.s.PostProcessorRegistrationDelegate$BeanPostProcessorChecker - Bean 'org.springframework.transaction.annotation.ProxyTransactionManagementConfiguration' of type [org.springframework.transaction.annotation.ProxyTransactionManagementConfiguration] is not eligible for getting processed by all BeanPostProcessors (for example: not eligible for auto-proxying)
16:53:22.056 12-08-2022 [main] INFO  o.s.boot.web.embedded.tomcat.TomcatWebServer - Tomcat initialized with port(s): 8001 (http)
16:53:22.063 12-08-2022 [main] INFO  org.apache.coyote.http11.Http11NioProtocol - Initializing ProtocolHandler ["http-nio-8001"]
16:53:22.064 12-08-2022 [main] INFO  org.apache.catalina.core.StandardService - Starting service [Tomcat]
16:53:22.064 12-08-2022 [main] INFO  org.apache.catalina.core.StandardEngine - Starting Servlet engine: [Apache Tomcat/9.0.27]
16:53:22.154 12-08-2022 [main] INFO  o.a.c.core.ContainerBase.[Tomcat].[localhost].[/] - Initializing Spring embedded WebApplicationContext
16:53:22.154 12-08-2022 [main] INFO  org.springframework.web.context.ContextLoader - Root WebApplicationContext: initialization completed in 1225 ms
16:53:22.315 12-08-2022 [main] INFO  com.zaxxer.hikari.HikariDataSource - HikariPool-1 - Starting...
16:53:23.157 12-08-2022 [main] INFO  com.zaxxer.hikari.HikariDataSource - HikariPool-1 - Start completed.
16:53:23.636 12-08-2022 [main] INFO  s.d.s.w.PropertySourcedRequestMappingHandlerMapping - Mapped URL path [/v2/api-docs] onto method [springfox.documentation.swagger2.web.Swagger2Controller#getDocumentation(String, HttpServletRequest)]
16:53:23.726 12-08-2022 [main] INFO  o.s.scheduling.concurrent.ThreadPoolTaskExecutor - Initializing ExecutorService 'applicationTaskExecutor'
16:53:24.100 12-08-2022 [main] INFO  s.d.s.web.plugins.DocumentationPluginsBootstrapper - Context refreshed
16:53:24.112 12-08-2022 [main] INFO  s.d.s.web.plugins.DocumentationPluginsBootstrapper - Found 1 custom documentation plugin(s)
16:53:24.137 12-08-2022 [main] INFO  s.d.spring.web.scanners.ApiListingReferenceScanner - Scanning for api listing references
16:53:24.280 12-08-2022 [main] INFO  org.apache.coyote.http11.Http11NioProtocol - Starting ProtocolHandler ["http-nio-8001"]
16:53:24.295 12-08-2022 [main] INFO  o.s.boot.web.embedded.tomcat.TomcatWebServer - Tomcat started on port(s): 8001 (http) with context path ''
16:53:24.297 12-08-2022 [main] INFO  com.sv.EduApplication - Started EduApplication in 3.797 seconds (JVM running for 5.063)
16:53:24.441 12-08-2022 [http-nio-8001-exec-1] INFO  o.a.c.core.ContainerBase.[Tomcat].[localhost].[/] - Initializing Spring DispatcherServlet 'dispatcherServlet'
16:53:24.441 12-08-2022 [http-nio-8001-exec-1] INFO  org.springframework.web.servlet.DispatcherServlet - Initializing Servlet 'dispatcherServlet'
16:53:24.446 12-08-2022 [http-nio-8001-exec-1] INFO  org.springframework.web.servlet.DispatcherServlet - Completed initialization in 5 ms
16:56:20.600 12-08-2022 [SpringContextShutdownHook] INFO  o.s.scheduling.concurrent.ThreadPoolTaskExecutor - Shutting down ExecutorService 'applicationTaskExecutor'
16:56:20.602 12-08-2022 [SpringContextShutdownHook] INFO  com.zaxxer.hikari.HikariDataSource - HikariPool-1 - Shutdown initiated...
16:56:20.607 12-08-2022 [SpringContextShutdownHook] INFO  com.zaxxer.hikari.HikariDataSource - HikariPool-1 - Shutdown completed.
16:56:26.230 12-08-2022 [main] INFO  com.sv.EduApplication - Starting EduApplication on OwenLaptop with PID 27112 (D:\IdeaProjects\online_edu\online_edu\service\service_edu\target\classes started by Owen in D:\IdeaProjects\online_edu)
16:56:26.232 12-08-2022 [main] INFO  com.sv.EduApplication - The following profiles are active: dev
16:56:26.963 12-08-2022 [main] INFO  o.s.d.r.config.RepositoryConfigurationDelegate - Multiple Spring Data modules found, entering strict repository configuration mode!
16:56:26.965 12-08-2022 [main] INFO  o.s.d.r.config.RepositoryConfigurationDelegate - Bootstrapping Spring Data repositories in DEFAULT mode.
16:56:26.986 12-08-2022 [main] INFO  o.s.d.r.config.RepositoryConfigurationDelegate - Finished Spring Data repository scanning in 11ms. Found 0 repository interfaces.
16:56:27.190 12-08-2022 [main] INFO  o.s.c.s.PostProcessorRegistrationDelegate$BeanPostProcessorChecker - Bean 'org.springframework.transaction.annotation.ProxyTransactionManagementConfiguration' of type [org.springframework.transaction.annotation.ProxyTransactionManagementConfiguration] is not eligible for getting processed by all BeanPostProcessors (for example: not eligible for auto-proxying)
16:56:27.360 12-08-2022 [main] INFO  o.s.boot.web.embedded.tomcat.TomcatWebServer - Tomcat initialized with port(s): 8001 (http)
16:56:27.366 12-08-2022 [main] INFO  org.apache.coyote.http11.Http11NioProtocol - Initializing ProtocolHandler ["http-nio-8001"]
16:56:27.366 12-08-2022 [main] INFO  org.apache.catalina.core.StandardService - Starting service [Tomcat]
16:56:27.367 12-08-2022 [main] INFO  org.apache.catalina.core.StandardEngine - Starting Servlet engine: [Apache Tomcat/9.0.27]
16:56:27.444 12-08-2022 [main] INFO  o.a.c.core.ContainerBase.[Tomcat].[localhost].[/] - Initializing Spring embedded WebApplicationContext
16:56:27.444 12-08-2022 [main] INFO  org.springframework.web.context.ContextLoader - Root WebApplicationContext: initialization completed in 1179 ms
16:56:27.592 12-08-2022 [main] INFO  com.zaxxer.hikari.HikariDataSource - HikariPool-1 - Starting...
16:56:28.406 12-08-2022 [main] INFO  com.zaxxer.hikari.HikariDataSource - HikariPool-1 - Start completed.
16:56:28.846 12-08-2022 [main] INFO  s.d.s.w.PropertySourcedRequestMappingHandlerMapping - Mapped URL path [/v2/api-docs] onto method [springfox.documentation.swagger2.web.Swagger2Controller#getDocumentation(String, HttpServletRequest)]
16:56:28.925 12-08-2022 [main] INFO  o.s.scheduling.concurrent.ThreadPoolTaskExecutor - Initializing ExecutorService 'applicationTaskExecutor'
16:56:29.256 12-08-2022 [main] INFO  s.d.s.web.plugins.DocumentationPluginsBootstrapper - Context refreshed
16:56:29.267 12-08-2022 [main] INFO  s.d.s.web.plugins.DocumentationPluginsBootstrapper - Found 1 custom documentation plugin(s)
16:56:29.291 12-08-2022 [main] INFO  s.d.spring.web.scanners.ApiListingReferenceScanner - Scanning for api listing references
16:56:29.425 12-08-2022 [main] INFO  org.apache.coyote.http11.Http11NioProtocol - Starting ProtocolHandler ["http-nio-8001"]
16:56:29.438 12-08-2022 [main] INFO  o.s.boot.web.embedded.tomcat.TomcatWebServer - Tomcat started on port(s): 8001 (http) with context path ''
16:56:29.440 12-08-2022 [main] INFO  com.sv.EduApplication - Started EduApplication in 3.574 seconds (JVM running for 4.593)
16:57:11.097 12-08-2022 [http-nio-8001-exec-1] INFO  o.a.c.core.ContainerBase.[Tomcat].[localhost].[/] - Initializing Spring DispatcherServlet 'dispatcherServlet'
16:57:11.097 12-08-2022 [http-nio-8001-exec-1] INFO  org.springframework.web.servlet.DispatcherServlet - Initializing Servlet 'dispatcherServlet'
16:57:11.102 12-08-2022 [http-nio-8001-exec-1] INFO  org.springframework.web.servlet.DispatcherServlet - Completed initialization in 5 ms
17:00:53.325 12-08-2022 [SpringContextShutdownHook] INFO  o.s.scheduling.concurrent.ThreadPoolTaskExecutor - Shutting down ExecutorService 'applicationTaskExecutor'
17:00:53.327 12-08-2022 [SpringContextShutdownHook] INFO  com.zaxxer.hikari.HikariDataSource - HikariPool-1 - Shutdown initiated...
17:00:53.331 12-08-2022 [SpringContextShutdownHook] INFO  com.zaxxer.hikari.HikariDataSource - HikariPool-1 - Shutdown completed.
17:00:59.319 12-08-2022 [main] INFO  com.sv.EduApplication - Starting EduApplication on OwenLaptop with PID 29140 (D:\IdeaProjects\online_edu\online_edu\service\service_edu\target\classes started by Owen in D:\IdeaProjects\online_edu)
17:00:59.321 12-08-2022 [main] INFO  com.sv.EduApplication - The following profiles are active: dev
17:01:00.032 12-08-2022 [main] INFO  o.s.d.r.config.RepositoryConfigurationDelegate - Multiple Spring Data modules found, entering strict repository configuration mode!
17:01:00.034 12-08-2022 [main] INFO  o.s.d.r.config.RepositoryConfigurationDelegate - Bootstrapping Spring Data repositories in DEFAULT mode.
17:01:00.058 12-08-2022 [main] INFO  o.s.d.r.config.RepositoryConfigurationDelegate - Finished Spring Data repository scanning in 12ms. Found 0 repository interfaces.
17:01:00.255 12-08-2022 [main] INFO  o.s.c.s.PostProcessorRegistrationDelegate$BeanPostProcessorChecker - Bean 'org.springframework.transaction.annotation.ProxyTransactionManagementConfiguration' of type [org.springframework.transaction.annotation.ProxyTransactionManagementConfiguration] is not eligible for getting processed by all BeanPostProcessors (for example: not eligible for auto-proxying)
17:01:00.427 12-08-2022 [main] INFO  o.s.boot.web.embedded.tomcat.TomcatWebServer - Tomcat initialized with port(s): 8001 (http)
17:01:00.432 12-08-2022 [main] INFO  org.apache.coyote.http11.Http11NioProtocol - Initializing ProtocolHandler ["http-nio-8001"]
17:01:00.433 12-08-2022 [main] INFO  org.apache.catalina.core.StandardService - Starting service [Tomcat]
17:01:00.433 12-08-2022 [main] INFO  org.apache.catalina.core.StandardEngine - Starting Servlet engine: [Apache Tomcat/9.0.27]
17:01:00.519 12-08-2022 [main] INFO  o.a.c.core.ContainerBase.[Tomcat].[localhost].[/] - Initializing Spring embedded WebApplicationContext
17:01:00.519 12-08-2022 [main] INFO  org.springframework.web.context.ContextLoader - Root WebApplicationContext: initialization completed in 1165 ms
17:01:00.680 12-08-2022 [main] INFO  com.zaxxer.hikari.HikariDataSource - HikariPool-1 - Starting...
17:01:01.666 12-08-2022 [main] INFO  com.zaxxer.hikari.HikariDataSource - HikariPool-1 - Start completed.
17:01:02.142 12-08-2022 [main] INFO  s.d.s.w.PropertySourcedRequestMappingHandlerMapping - Mapped URL path [/v2/api-docs] onto method [springfox.documentation.swagger2.web.Swagger2Controller#getDocumentation(String, HttpServletRequest)]
17:01:02.223 12-08-2022 [main] INFO  o.s.scheduling.concurrent.ThreadPoolTaskExecutor - Initializing ExecutorService 'applicationTaskExecutor'
17:01:02.600 12-08-2022 [main] INFO  s.d.s.web.plugins.DocumentationPluginsBootstrapper - Context refreshed
17:01:02.613 12-08-2022 [main] INFO  s.d.s.web.plugins.DocumentationPluginsBootstrapper - Found 1 custom documentation plugin(s)
17:01:02.638 12-08-2022 [main] INFO  s.d.spring.web.scanners.ApiListingReferenceScanner - Scanning for api listing references
17:01:02.770 12-08-2022 [main] INFO  org.apache.coyote.http11.Http11NioProtocol - Starting ProtocolHandler ["http-nio-8001"]
17:01:02.783 12-08-2022 [main] INFO  o.s.boot.web.embedded.tomcat.TomcatWebServer - Tomcat started on port(s): 8001 (http) with context path ''
17:01:02.785 12-08-2022 [main] INFO  com.sv.EduApplication - Started EduApplication in 3.844 seconds (JVM running for 4.938)
17:01:36.269 12-08-2022 [http-nio-8001-exec-1] INFO  o.a.c.core.ContainerBase.[Tomcat].[localhost].[/] - Initializing Spring DispatcherServlet 'dispatcherServlet'
17:01:36.269 12-08-2022 [http-nio-8001-exec-1] INFO  org.springframework.web.servlet.DispatcherServlet - Initializing Servlet 'dispatcherServlet'
17:01:36.274 12-08-2022 [http-nio-8001-exec-1] INFO  org.springframework.web.servlet.DispatcherServlet - Completed initialization in 5 ms
17:05:03.422 12-08-2022 [SpringContextShutdownHook] INFO  o.s.scheduling.concurrent.ThreadPoolTaskExecutor - Shutting down ExecutorService 'applicationTaskExecutor'
17:05:03.424 12-08-2022 [SpringContextShutdownHook] INFO  com.zaxxer.hikari.HikariDataSource - HikariPool-1 - Shutdown initiated...
17:05:03.429 12-08-2022 [SpringContextShutdownHook] INFO  com.zaxxer.hikari.HikariDataSource - HikariPool-1 - Shutdown completed.
17:05:09.701 12-08-2022 [main] INFO  com.sv.EduApplication - Starting EduApplication on OwenLaptop with PID 14928 (D:\IdeaProjects\online_edu\online_edu\service\service_edu\target\classes started by Owen in D:\IdeaProjects\online_edu)
17:05:09.704 12-08-2022 [main] INFO  com.sv.EduApplication - The following profiles are active: dev
17:05:10.510 12-08-2022 [main] INFO  o.s.d.r.config.RepositoryConfigurationDelegate - Multiple Spring Data modules found, entering strict repository configuration mode!
17:05:10.512 12-08-2022 [main] INFO  o.s.d.r.config.RepositoryConfigurationDelegate - Bootstrapping Spring Data repositories in DEFAULT mode.
17:05:10.536 12-08-2022 [main] INFO  o.s.d.r.config.RepositoryConfigurationDelegate - Finished Spring Data repository scanning in 11ms. Found 0 repository interfaces.
17:05:10.777 12-08-2022 [main] INFO  o.s.c.s.PostProcessorRegistrationDelegate$BeanPostProcessorChecker - Bean 'org.springframework.transaction.annotation.ProxyTransactionManagementConfiguration' of type [org.springframework.transaction.annotation.ProxyTransactionManagementConfiguration] is not eligible for getting processed by all BeanPostProcessors (for example: not eligible for auto-proxying)
17:05:10.978 12-08-2022 [main] INFO  o.s.boot.web.embedded.tomcat.TomcatWebServer - Tomcat initialized with port(s): 8001 (http)
17:05:10.984 12-08-2022 [main] INFO  org.apache.coyote.http11.Http11NioProtocol - Initializing ProtocolHandler ["http-nio-8001"]
17:05:10.985 12-08-2022 [main] INFO  org.apache.catalina.core.StandardService - Starting service [Tomcat]
17:05:10.985 12-08-2022 [main] INFO  org.apache.catalina.core.StandardEngine - Starting Servlet engine: [Apache Tomcat/9.0.27]
17:05:11.075 12-08-2022 [main] INFO  o.a.c.core.ContainerBase.[Tomcat].[localhost].[/] - Initializing Spring embedded WebApplicationContext
17:05:11.076 12-08-2022 [main] INFO  org.springframework.web.context.ContextLoader - Root WebApplicationContext: initialization completed in 1332 ms
17:05:11.237 12-08-2022 [main] INFO  com.zaxxer.hikari.HikariDataSource - HikariPool-1 - Starting...
17:05:12.117 12-08-2022 [main] INFO  com.zaxxer.hikari.HikariDataSource - HikariPool-1 - Start completed.
17:05:12.607 12-08-2022 [main] INFO  s.d.s.w.PropertySourcedRequestMappingHandlerMapping - Mapped URL path [/v2/api-docs] onto method [springfox.documentation.swagger2.web.Swagger2Controller#getDocumentation(String, HttpServletRequest)]
17:05:12.698 12-08-2022 [main] INFO  o.s.scheduling.concurrent.ThreadPoolTaskExecutor - Initializing ExecutorService 'applicationTaskExecutor'
17:05:13.073 12-08-2022 [main] INFO  s.d.s.web.plugins.DocumentationPluginsBootstrapper - Context refreshed
17:05:13.085 12-08-2022 [main] INFO  s.d.s.web.plugins.DocumentationPluginsBootstrapper - Found 1 custom documentation plugin(s)
17:05:13.114 12-08-2022 [main] INFO  s.d.spring.web.scanners.ApiListingReferenceScanner - Scanning for api listing references
17:05:13.259 12-08-2022 [main] INFO  org.apache.coyote.http11.Http11NioProtocol - Starting ProtocolHandler ["http-nio-8001"]
17:05:13.273 12-08-2022 [main] INFO  o.s.boot.web.embedded.tomcat.TomcatWebServer - Tomcat started on port(s): 8001 (http) with context path ''
17:05:13.276 12-08-2022 [main] INFO  com.sv.EduApplication - Started EduApplication in 4.06 seconds (JVM running for 5.216)
17:06:50.029 12-08-2022 [SpringContextShutdownHook] INFO  o.s.scheduling.concurrent.ThreadPoolTaskExecutor - Shutting down ExecutorService 'applicationTaskExecutor'
17:06:50.032 12-08-2022 [SpringContextShutdownHook] INFO  com.zaxxer.hikari.HikariDataSource - HikariPool-1 - Shutdown initiated...
17:06:50.037 12-08-2022 [SpringContextShutdownHook] INFO  com.zaxxer.hikari.HikariDataSource - HikariPool-1 - Shutdown completed.
17:06:56.289 12-08-2022 [main] INFO  com.sv.EduApplication - Starting EduApplication on OwenLaptop with PID 29396 (D:\IdeaProjects\online_edu\online_edu\service\service_edu\target\classes started by Owen in D:\IdeaProjects\online_edu)
17:06:56.292 12-08-2022 [main] INFO  com.sv.EduApplication - The following profiles are active: dev
17:06:57.104 12-08-2022 [main] INFO  o.s.d.r.config.RepositoryConfigurationDelegate - Multiple Spring Data modules found, entering strict repository configuration mode!
17:06:57.106 12-08-2022 [main] INFO  o.s.d.r.config.RepositoryConfigurationDelegate - Bootstrapping Spring Data repositories in DEFAULT mode.
17:06:57.130 12-08-2022 [main] INFO  o.s.d.r.config.RepositoryConfigurationDelegate - Finished Spring Data repository scanning in 12ms. Found 0 repository interfaces.
17:06:57.360 12-08-2022 [main] INFO  o.s.c.s.PostProcessorRegistrationDelegate$BeanPostProcessorChecker - Bean 'org.springframework.transaction.annotation.ProxyTransactionManagementConfiguration' of type [org.springframework.transaction.annotation.ProxyTransactionManagementConfiguration] is not eligible for getting processed by all BeanPostProcessors (for example: not eligible for auto-proxying)
17:06:57.597 12-08-2022 [main] INFO  o.s.boot.web.embedded.tomcat.TomcatWebServer - Tomcat initialized with port(s): 8001 (http)
17:06:57.604 12-08-2022 [main] INFO  org.apache.coyote.http11.Http11NioProtocol - Initializing ProtocolHandler ["http-nio-8001"]
17:06:57.605 12-08-2022 [main] INFO  org.apache.catalina.core.StandardService - Starting service [Tomcat]
17:06:57.605 12-08-2022 [main] INFO  org.apache.catalina.core.StandardEngine - Starting Servlet engine: [Apache Tomcat/9.0.27]
17:06:57.695 12-08-2022 [main] INFO  o.a.c.core.ContainerBase.[Tomcat].[localhost].[/] - Initializing Spring embedded WebApplicationContext
17:06:57.695 12-08-2022 [main] INFO  org.springframework.web.context.ContextLoader - Root WebApplicationContext: initialization completed in 1363 ms
17:06:57.860 12-08-2022 [main] INFO  com.zaxxer.hikari.HikariDataSource - HikariPool-1 - Starting...
17:06:58.740 12-08-2022 [main] INFO  com.zaxxer.hikari.HikariDataSource - HikariPool-1 - Start completed.
17:06:59.261 12-08-2022 [main] INFO  s.d.s.w.PropertySourcedRequestMappingHandlerMapping - Mapped URL path [/v2/api-docs] onto method [springfox.documentation.swagger2.web.Swagger2Controller#getDocumentation(String, HttpServletRequest)]
17:06:59.359 12-08-2022 [main] INFO  o.s.scheduling.concurrent.ThreadPoolTaskExecutor - Initializing ExecutorService 'applicationTaskExecutor'
17:06:59.744 12-08-2022 [main] INFO  s.d.s.web.plugins.DocumentationPluginsBootstrapper - Context refreshed
17:06:59.757 12-08-2022 [main] INFO  s.d.s.web.plugins.DocumentationPluginsBootstrapper - Found 1 custom documentation plugin(s)
17:06:59.786 12-08-2022 [main] INFO  s.d.spring.web.scanners.ApiListingReferenceScanner - Scanning for api listing references
17:06:59.933 12-08-2022 [main] INFO  org.apache.coyote.http11.Http11NioProtocol - Starting ProtocolHandler ["http-nio-8001"]
17:06:59.948 12-08-2022 [main] INFO  o.s.boot.web.embedded.tomcat.TomcatWebServer - Tomcat started on port(s): 8001 (http) with context path ''
17:06:59.951 12-08-2022 [main] INFO  com.sv.EduApplication - Started EduApplication in 4.139 seconds (JVM running for 5.299)
17:07:12.428 12-08-2022 [http-nio-8001-exec-1] INFO  o.a.c.core.ContainerBase.[Tomcat].[localhost].[/] - Initializing Spring DispatcherServlet 'dispatcherServlet'
17:07:12.428 12-08-2022 [http-nio-8001-exec-1] INFO  org.springframework.web.servlet.DispatcherServlet - Initializing Servlet 'dispatcherServlet'
17:07:12.434 12-08-2022 [http-nio-8001-exec-1] INFO  org.springframework.web.servlet.DispatcherServlet - Completed initialization in 6 ms
17:09:44.205 12-08-2022 [SpringContextShutdownHook] INFO  o.s.scheduling.concurrent.ThreadPoolTaskExecutor - Shutting down ExecutorService 'applicationTaskExecutor'
17:09:44.207 12-08-2022 [SpringContextShutdownHook] INFO  com.zaxxer.hikari.HikariDataSource - HikariPool-1 - Shutdown initiated...
17:09:44.212 12-08-2022 [SpringContextShutdownHook] INFO  com.zaxxer.hikari.HikariDataSource - HikariPool-1 - Shutdown completed.
17:09:50.446 12-08-2022 [main] INFO  com.sv.EduApplication - Starting EduApplication on OwenLaptop with PID 28808 (D:\IdeaProjects\online_edu\online_edu\service\service_edu\target\classes started by Owen in D:\IdeaProjects\online_edu)
17:09:50.449 12-08-2022 [main] INFO  com.sv.EduApplication - The following profiles are active: dev
17:09:51.263 12-08-2022 [main] INFO  o.s.d.r.config.RepositoryConfigurationDelegate - Multiple Spring Data modules found, entering strict repository configuration mode!
17:09:51.265 12-08-2022 [main] INFO  o.s.d.r.config.RepositoryConfigurationDelegate - Bootstrapping Spring Data repositories in DEFAULT mode.
17:09:51.289 12-08-2022 [main] INFO  o.s.d.r.config.RepositoryConfigurationDelegate - Finished Spring Data repository scanning in 11ms. Found 0 repository interfaces.
17:09:51.502 12-08-2022 [main] INFO  o.s.c.s.PostProcessorRegistrationDelegate$BeanPostProcessorChecker - Bean 'org.springframework.transaction.annotation.ProxyTransactionManagementConfiguration' of type [org.springframework.transaction.annotation.ProxyTransactionManagementConfiguration] is not eligible for getting processed by all BeanPostProcessors (for example: not eligible for auto-proxying)
17:09:51.706 12-08-2022 [main] INFO  o.s.boot.web.embedded.tomcat.TomcatWebServer - Tomcat initialized with port(s): 8001 (http)
17:09:51.713 12-08-2022 [main] INFO  org.apache.coyote.http11.Http11NioProtocol - Initializing ProtocolHandler ["http-nio-8001"]
17:09:51.714 12-08-2022 [main] INFO  org.apache.catalina.core.StandardService - Starting service [Tomcat]
17:09:51.714 12-08-2022 [main] INFO  org.apache.catalina.core.StandardEngine - Starting Servlet engine: [Apache Tomcat/9.0.27]
17:09:51.815 12-08-2022 [main] INFO  o.a.c.core.ContainerBase.[Tomcat].[localhost].[/] - Initializing Spring embedded WebApplicationContext
17:09:51.815 12-08-2022 [main] INFO  org.springframework.web.context.ContextLoader - Root WebApplicationContext: initialization completed in 1327 ms
17:09:51.978 12-08-2022 [main] INFO  com.zaxxer.hikari.HikariDataSource - HikariPool-1 - Starting...
17:09:52.848 12-08-2022 [main] INFO  com.zaxxer.hikari.HikariDataSource - HikariPool-1 - Start completed.
17:09:53.377 12-08-2022 [main] INFO  s.d.s.w.PropertySourcedRequestMappingHandlerMapping - Mapped URL path [/v2/api-docs] onto method [springfox.documentation.swagger2.web.Swagger2Controller#getDocumentation(String, HttpServletRequest)]
17:09:53.479 12-08-2022 [main] INFO  o.s.scheduling.concurrent.ThreadPoolTaskExecutor - Initializing ExecutorService 'applicationTaskExecutor'
17:09:53.861 12-08-2022 [main] INFO  s.d.s.web.plugins.DocumentationPluginsBootstrapper - Context refreshed
17:09:53.874 12-08-2022 [main] INFO  s.d.s.web.plugins.DocumentationPluginsBootstrapper - Found 1 custom documentation plugin(s)
17:09:53.902 12-08-2022 [main] INFO  s.d.spring.web.scanners.ApiListingReferenceScanner - Scanning for api listing references
17:09:54.052 12-08-2022 [main] INFO  org.apache.coyote.http11.Http11NioProtocol - Starting ProtocolHandler ["http-nio-8001"]
17:09:54.067 12-08-2022 [main] INFO  o.s.boot.web.embedded.tomcat.TomcatWebServer - Tomcat started on port(s): 8001 (http) with context path ''
17:09:54.071 12-08-2022 [main] INFO  com.sv.EduApplication - Started EduApplication in 4.093 seconds (JVM running for 5.32)
17:09:58.034 12-08-2022 [http-nio-8001-exec-1] INFO  o.a.c.core.ContainerBase.[Tomcat].[localhost].[/] - Initializing Spring DispatcherServlet 'dispatcherServlet'
17:09:58.034 12-08-2022 [http-nio-8001-exec-1] INFO  org.springframework.web.servlet.DispatcherServlet - Initializing Servlet 'dispatcherServlet'
17:09:58.040 12-08-2022 [http-nio-8001-exec-1] INFO  org.springframework.web.servlet.DispatcherServlet - Completed initialization in 6 ms
17:11:21.016 12-08-2022 [SpringContextShutdownHook] INFO  o.s.scheduling.concurrent.ThreadPoolTaskExecutor - Shutting down ExecutorService 'applicationTaskExecutor'
17:11:21.018 12-08-2022 [SpringContextShutdownHook] INFO  com.zaxxer.hikari.HikariDataSource - HikariPool-1 - Shutdown initiated...
17:11:21.024 12-08-2022 [SpringContextShutdownHook] INFO  com.zaxxer.hikari.HikariDataSource - HikariPool-1 - Shutdown completed.
17:11:26.860 12-08-2022 [main] INFO  com.sv.EduApplication - Starting EduApplication on OwenLaptop with PID 10012 (D:\IdeaProjects\online_edu\online_edu\service\service_edu\target\classes started by Owen in D:\IdeaProjects\online_edu)
17:11:26.864 12-08-2022 [main] INFO  com.sv.EduApplication - The following profiles are active: dev
17:11:27.602 12-08-2022 [main] INFO  o.s.d.r.config.RepositoryConfigurationDelegate - Multiple Spring Data modules found, entering strict repository configuration mode!
17:11:27.604 12-08-2022 [main] INFO  o.s.d.r.config.RepositoryConfigurationDelegate - Bootstrapping Spring Data repositories in DEFAULT mode.
17:11:27.625 12-08-2022 [main] INFO  o.s.d.r.config.RepositoryConfigurationDelegate - Finished Spring Data repository scanning in 11ms. Found 0 repository interfaces.
17:11:27.832 12-08-2022 [main] INFO  o.s.c.s.PostProcessorRegistrationDelegate$BeanPostProcessorChecker - Bean 'org.springframework.transaction.annotation.ProxyTransactionManagementConfiguration' of type [org.springframework.transaction.annotation.ProxyTransactionManagementConfiguration] is not eligible for getting processed by all BeanPostProcessors (for example: not eligible for auto-proxying)
17:11:28.013 12-08-2022 [main] INFO  o.s.boot.web.embedded.tomcat.TomcatWebServer - Tomcat initialized with port(s): 8001 (http)
17:11:28.018 12-08-2022 [main] INFO  org.apache.coyote.http11.Http11NioProtocol - Initializing ProtocolHandler ["http-nio-8001"]
17:11:28.019 12-08-2022 [main] INFO  org.apache.catalina.core.StandardService - Starting service [Tomcat]
17:11:28.019 12-08-2022 [main] INFO  org.apache.catalina.core.StandardEngine - Starting Servlet engine: [Apache Tomcat/9.0.27]
17:11:28.102 12-08-2022 [main] INFO  o.a.c.core.ContainerBase.[Tomcat].[localhost].[/] - Initializing Spring embedded WebApplicationContext
17:11:28.102 12-08-2022 [main] INFO  org.springframework.web.context.ContextLoader - Root WebApplicationContext: initialization completed in 1195 ms
17:11:28.266 12-08-2022 [main] INFO  com.zaxxer.hikari.HikariDataSource - HikariPool-1 - Starting...
17:11:29.157 12-08-2022 [main] INFO  com.zaxxer.hikari.HikariDataSource - HikariPool-1 - Start completed.
17:11:29.718 12-08-2022 [main] INFO  s.d.s.w.PropertySourcedRequestMappingHandlerMapping - Mapped URL path [/v2/api-docs] onto method [springfox.documentation.swagger2.web.Swagger2Controller#getDocumentation(String, HttpServletRequest)]
17:11:29.818 12-08-2022 [main] INFO  o.s.scheduling.concurrent.ThreadPoolTaskExecutor - Initializing ExecutorService 'applicationTaskExecutor'
17:11:30.269 12-08-2022 [main] INFO  s.d.s.web.plugins.DocumentationPluginsBootstrapper - Context refreshed
17:11:30.283 12-08-2022 [main] INFO  s.d.s.web.plugins.DocumentationPluginsBootstrapper - Found 1 custom documentation plugin(s)
17:11:30.314 12-08-2022 [main] INFO  s.d.spring.web.scanners.ApiListingReferenceScanner - Scanning for api listing references
17:11:30.483 12-08-2022 [main] INFO  org.apache.coyote.http11.Http11NioProtocol - Starting ProtocolHandler ["http-nio-8001"]
17:11:30.500 12-08-2022 [main] INFO  o.s.boot.web.embedded.tomcat.TomcatWebServer - Tomcat started on port(s): 8001 (http) with context path ''
17:11:30.502 12-08-2022 [main] INFO  com.sv.EduApplication - Started EduApplication in 4.046 seconds (JVM running for 5.215)
17:11:41.436 12-08-2022 [http-nio-8001-exec-1] INFO  o.a.c.core.ContainerBase.[Tomcat].[localhost].[/] - Initializing Spring DispatcherServlet 'dispatcherServlet'
17:11:41.437 12-08-2022 [http-nio-8001-exec-1] INFO  org.springframework.web.servlet.DispatcherServlet - Initializing Servlet 'dispatcherServlet'
17:11:41.443 12-08-2022 [http-nio-8001-exec-1] INFO  org.springframework.web.servlet.DispatcherServlet - Completed initialization in 6 ms
17:21:43.207 12-08-2022 [SpringContextShutdownHook] INFO  o.s.scheduling.concurrent.ThreadPoolTaskExecutor - Shutting down ExecutorService 'applicationTaskExecutor'
17:21:43.209 12-08-2022 [SpringContextShutdownHook] INFO  com.zaxxer.hikari.HikariDataSource - HikariPool-1 - Shutdown initiated...
17:21:43.215 12-08-2022 [SpringContextShutdownHook] INFO  com.zaxxer.hikari.HikariDataSource - HikariPool-1 - Shutdown completed.
17:21:50.063 12-08-2022 [main] INFO  com.sv.EduApplication - Starting EduApplication on OwenLaptop with PID 11136 (D:\IdeaProjects\online_edu\online_edu\service\service_edu\target\classes started by Owen in D:\IdeaProjects\online_edu)
17:21:50.066 12-08-2022 [main] INFO  com.sv.EduApplication - The following profiles are active: dev
17:21:50.865 12-08-2022 [main] INFO  o.s.d.r.config.RepositoryConfigurationDelegate - Multiple Spring Data modules found, entering strict repository configuration mode!
17:21:50.867 12-08-2022 [main] INFO  o.s.d.r.config.RepositoryConfigurationDelegate - Bootstrapping Spring Data repositories in DEFAULT mode.
17:21:50.890 12-08-2022 [main] INFO  o.s.d.r.config.RepositoryConfigurationDelegate - Finished Spring Data repository scanning in 12ms. Found 0 repository interfaces.
17:21:51.109 12-08-2022 [main] INFO  o.s.c.s.PostProcessorRegistrationDelegate$BeanPostProcessorChecker - Bean 'org.springframework.transaction.annotation.ProxyTransactionManagementConfiguration' of type [org.springframework.transaction.annotation.ProxyTransactionManagementConfiguration] is not eligible for getting processed by all BeanPostProcessors (for example: not eligible for auto-proxying)
17:21:51.308 12-08-2022 [main] INFO  o.s.boot.web.embedded.tomcat.TomcatWebServer - Tomcat initialized with port(s): 8001 (http)
17:21:51.315 12-08-2022 [main] INFO  org.apache.coyote.http11.Http11NioProtocol - Initializing ProtocolHandler ["http-nio-8001"]
17:21:51.316 12-08-2022 [main] INFO  org.apache.catalina.core.StandardService - Starting service [Tomcat]
17:21:51.316 12-08-2022 [main] INFO  org.apache.catalina.core.StandardEngine - Starting Servlet engine: [Apache Tomcat/9.0.27]
17:21:51.409 12-08-2022 [main] INFO  o.a.c.core.ContainerBase.[Tomcat].[localhost].[/] - Initializing Spring embedded WebApplicationContext
17:21:51.409 12-08-2022 [main] INFO  org.springframework.web.context.ContextLoader - Root WebApplicationContext: initialization completed in 1299 ms
17:21:51.573 12-08-2022 [main] INFO  com.zaxxer.hikari.HikariDataSource - HikariPool-1 - Starting...
17:21:52.420 12-08-2022 [main] INFO  com.zaxxer.hikari.HikariDataSource - HikariPool-1 - Start completed.
17:21:52.972 12-08-2022 [main] INFO  s.d.s.w.PropertySourcedRequestMappingHandlerMapping - Mapped URL path [/v2/api-docs] onto method [springfox.documentation.swagger2.web.Swagger2Controller#getDocumentation(String, HttpServletRequest)]
17:21:53.068 12-08-2022 [main] INFO  o.s.scheduling.concurrent.ThreadPoolTaskExecutor - Initializing ExecutorService 'applicationTaskExecutor'
17:21:53.498 12-08-2022 [main] INFO  s.d.s.web.plugins.DocumentationPluginsBootstrapper - Context refreshed
17:21:53.512 12-08-2022 [main] INFO  s.d.s.web.plugins.DocumentationPluginsBootstrapper - Found 1 custom documentation plugin(s)
17:21:53.543 12-08-2022 [main] INFO  s.d.spring.web.scanners.ApiListingReferenceScanner - Scanning for api listing references
17:21:53.714 12-08-2022 [main] INFO  org.apache.coyote.http11.Http11NioProtocol - Starting ProtocolHandler ["http-nio-8001"]
17:21:53.731 12-08-2022 [main] INFO  o.s.boot.web.embedded.tomcat.TomcatWebServer - Tomcat started on port(s): 8001 (http) with context path ''
17:21:53.734 12-08-2022 [main] INFO  com.sv.EduApplication - Started EduApplication in 4.141 seconds (JVM running for 5.265)
17:22:08.535 12-08-2022 [http-nio-8001-exec-1] INFO  o.a.c.core.ContainerBase.[Tomcat].[localhost].[/] - Initializing Spring DispatcherServlet 'dispatcherServlet'
17:22:08.535 12-08-2022 [http-nio-8001-exec-1] INFO  org.springframework.web.servlet.DispatcherServlet - Initializing Servlet 'dispatcherServlet'
17:22:08.540 12-08-2022 [http-nio-8001-exec-1] INFO  org.springframework.web.servlet.DispatcherServlet - Completed initialization in 5 ms
17:26:59.294 12-08-2022 [SpringContextShutdownHook] INFO  o.s.scheduling.concurrent.ThreadPoolTaskExecutor - Shutting down ExecutorService 'applicationTaskExecutor'
17:26:59.296 12-08-2022 [SpringContextShutdownHook] INFO  com.zaxxer.hikari.HikariDataSource - HikariPool-1 - Shutdown initiated...
17:26:59.302 12-08-2022 [SpringContextShutdownHook] INFO  com.zaxxer.hikari.HikariDataSource - HikariPool-1 - Shutdown completed.
17:27:04.990 12-08-2022 [main] INFO  com.sv.EduApplication - Starting EduApplication on OwenLaptop with PID 14500 (D:\IdeaProjects\online_edu\online_edu\service\service_edu\target\classes started by Owen in D:\IdeaProjects\online_edu)
17:27:04.992 12-08-2022 [main] INFO  com.sv.EduApplication - The following profiles are active: dev
17:27:05.685 12-08-2022 [main] INFO  o.s.d.r.config.RepositoryConfigurationDelegate - Multiple Spring Data modules found, entering strict repository configuration mode!
17:27:05.687 12-08-2022 [main] INFO  o.s.d.r.config.RepositoryConfigurationDelegate - Bootstrapping Spring Data repositories in DEFAULT mode.
17:27:05.708 12-08-2022 [main] INFO  o.s.d.r.config.RepositoryConfigurationDelegate - Finished Spring Data repository scanning in 10ms. Found 0 repository interfaces.
17:27:05.908 12-08-2022 [main] INFO  o.s.c.s.PostProcessorRegistrationDelegate$BeanPostProcessorChecker - Bean 'org.springframework.transaction.annotation.ProxyTransactionManagementConfiguration' of type [org.springframework.transaction.annotation.ProxyTransactionManagementConfiguration] is not eligible for getting processed by all BeanPostProcessors (for example: not eligible for auto-proxying)
17:27:06.081 12-08-2022 [main] INFO  o.s.boot.web.embedded.tomcat.TomcatWebServer - Tomcat initialized with port(s): 8001 (http)
17:27:06.087 12-08-2022 [main] INFO  org.apache.coyote.http11.Http11NioProtocol - Initializing ProtocolHandler ["http-nio-8001"]
17:27:06.088 12-08-2022 [main] INFO  org.apache.catalina.core.StandardService - Starting service [Tomcat]
17:27:06.088 12-08-2022 [main] INFO  org.apache.catalina.core.StandardEngine - Starting Servlet engine: [Apache Tomcat/9.0.27]
17:27:06.168 12-08-2022 [main] INFO  o.a.c.core.ContainerBase.[Tomcat].[localhost].[/] - Initializing Spring embedded WebApplicationContext
17:27:06.168 12-08-2022 [main] INFO  org.springframework.web.context.ContextLoader - Root WebApplicationContext: initialization completed in 1143 ms
17:27:06.322 12-08-2022 [main] INFO  com.zaxxer.hikari.HikariDataSource - HikariPool-1 - Starting...
17:27:07.138 12-08-2022 [main] INFO  com.zaxxer.hikari.HikariDataSource - HikariPool-1 - Start completed.
17:27:07.607 12-08-2022 [main] INFO  s.d.s.w.PropertySourcedRequestMappingHandlerMapping - Mapped URL path [/v2/api-docs] onto method [springfox.documentation.swagger2.web.Swagger2Controller#getDocumentation(String, HttpServletRequest)]
17:27:07.688 12-08-2022 [main] INFO  o.s.scheduling.concurrent.ThreadPoolTaskExecutor - Initializing ExecutorService 'applicationTaskExecutor'
17:27:08.039 12-08-2022 [main] INFO  s.d.s.web.plugins.DocumentationPluginsBootstrapper - Context refreshed
17:27:08.050 12-08-2022 [main] INFO  s.d.s.web.plugins.DocumentationPluginsBootstrapper - Found 1 custom documentation plugin(s)
17:27:08.074 12-08-2022 [main] INFO  s.d.spring.web.scanners.ApiListingReferenceScanner - Scanning for api listing references
17:27:08.213 12-08-2022 [main] INFO  org.apache.coyote.http11.Http11NioProtocol - Starting ProtocolHandler ["http-nio-8001"]
17:27:08.227 12-08-2022 [main] INFO  o.s.boot.web.embedded.tomcat.TomcatWebServer - Tomcat started on port(s): 8001 (http) with context path ''
17:27:08.229 12-08-2022 [main] INFO  com.sv.EduApplication - Started EduApplication in 3.626 seconds (JVM running for 4.671)
17:27:18.548 12-08-2022 [http-nio-8001-exec-1] INFO  o.a.c.core.ContainerBase.[Tomcat].[localhost].[/] - Initializing Spring DispatcherServlet 'dispatcherServlet'
17:27:18.548 12-08-2022 [http-nio-8001-exec-1] INFO  org.springframework.web.servlet.DispatcherServlet - Initializing Servlet 'dispatcherServlet'
17:27:18.554 12-08-2022 [http-nio-8001-exec-1] INFO  org.springframework.web.servlet.DispatcherServlet - Completed initialization in 5 ms
17:36:59.595 12-08-2022 [SpringContextShutdownHook] INFO  o.s.scheduling.concurrent.ThreadPoolTaskExecutor - Shutting down ExecutorService 'applicationTaskExecutor'
17:36:59.597 12-08-2022 [SpringContextShutdownHook] INFO  com.zaxxer.hikari.HikariDataSource - HikariPool-1 - Shutdown initiated...
17:36:59.602 12-08-2022 [SpringContextShutdownHook] INFO  com.zaxxer.hikari.HikariDataSource - HikariPool-1 - Shutdown completed.
17:37:05.315 12-08-2022 [main] INFO  com.sv.EduApplication - Starting EduApplication on OwenLaptop with PID 13576 (D:\IdeaProjects\online_edu\online_edu\service\service_edu\target\classes started by Owen in D:\IdeaProjects\online_edu)
17:37:05.318 12-08-2022 [main] INFO  com.sv.EduApplication - The following profiles are active: dev
17:37:06.021 12-08-2022 [main] INFO  o.s.d.r.config.RepositoryConfigurationDelegate - Multiple Spring Data modules found, entering strict repository configuration mode!
17:37:06.023 12-08-2022 [main] INFO  o.s.d.r.config.RepositoryConfigurationDelegate - Bootstrapping Spring Data repositories in DEFAULT mode.
17:37:06.045 12-08-2022 [main] INFO  o.s.d.r.config.RepositoryConfigurationDelegate - Finished Spring Data repository scanning in 11ms. Found 0 repository interfaces.
17:37:06.243 12-08-2022 [main] INFO  o.s.c.s.PostProcessorRegistrationDelegate$BeanPostProcessorChecker - Bean 'org.springframework.transaction.annotation.ProxyTransactionManagementConfiguration' of type [org.springframework.transaction.annotation.ProxyTransactionManagementConfiguration] is not eligible for getting processed by all BeanPostProcessors (for example: not eligible for auto-proxying)
17:37:06.423 12-08-2022 [main] INFO  o.s.boot.web.embedded.tomcat.TomcatWebServer - Tomcat initialized with port(s): 8001 (http)
17:37:06.429 12-08-2022 [main] INFO  org.apache.coyote.http11.Http11NioProtocol - Initializing ProtocolHandler ["http-nio-8001"]
17:37:06.430 12-08-2022 [main] INFO  org.apache.catalina.core.StandardService - Starting service [Tomcat]
17:37:06.430 12-08-2022 [main] INFO  org.apache.catalina.core.StandardEngine - Starting Servlet engine: [Apache Tomcat/9.0.27]
17:37:06.509 12-08-2022 [main] INFO  o.a.c.core.ContainerBase.[Tomcat].[localhost].[/] - Initializing Spring embedded WebApplicationContext
17:37:06.509 12-08-2022 [main] INFO  org.springframework.web.context.ContextLoader - Root WebApplicationContext: initialization completed in 1157 ms
17:37:06.659 12-08-2022 [main] INFO  com.zaxxer.hikari.HikariDataSource - HikariPool-1 - Starting...
17:37:07.469 12-08-2022 [main] INFO  com.zaxxer.hikari.HikariDataSource - HikariPool-1 - Start completed.
17:37:07.936 12-08-2022 [main] INFO  s.d.s.w.PropertySourcedRequestMappingHandlerMapping - Mapped URL path [/v2/api-docs] onto method [springfox.documentation.swagger2.web.Swagger2Controller#getDocumentation(String, HttpServletRequest)]
17:37:08.017 12-08-2022 [main] INFO  o.s.scheduling.concurrent.ThreadPoolTaskExecutor - Initializing ExecutorService 'applicationTaskExecutor'
17:37:08.366 12-08-2022 [main] INFO  s.d.s.web.plugins.DocumentationPluginsBootstrapper - Context refreshed
17:37:08.377 12-08-2022 [main] INFO  s.d.s.web.plugins.DocumentationPluginsBootstrapper - Found 1 custom documentation plugin(s)
17:37:08.402 12-08-2022 [main] INFO  s.d.spring.web.scanners.ApiListingReferenceScanner - Scanning for api listing references
17:37:08.536 12-08-2022 [main] INFO  org.apache.coyote.http11.Http11NioProtocol - Starting ProtocolHandler ["http-nio-8001"]
17:37:08.549 12-08-2022 [main] INFO  o.s.boot.web.embedded.tomcat.TomcatWebServer - Tomcat started on port(s): 8001 (http) with context path ''
17:37:08.551 12-08-2022 [main] INFO  com.sv.EduApplication - Started EduApplication in 3.645 seconds (JVM running for 4.754)
17:37:33.725 12-08-2022 [http-nio-8001-exec-1] INFO  o.a.c.core.ContainerBase.[Tomcat].[localhost].[/] - Initializing Spring DispatcherServlet 'dispatcherServlet'
17:37:33.726 12-08-2022 [http-nio-8001-exec-1] INFO  org.springframework.web.servlet.DispatcherServlet - Initializing Servlet 'dispatcherServlet'
17:37:33.731 12-08-2022 [http-nio-8001-exec-1] INFO  org.springframework.web.servlet.DispatcherServlet - Completed initialization in 5 ms
17:37:46.715 12-08-2022 [SpringContextShutdownHook] INFO  o.s.scheduling.concurrent.ThreadPoolTaskExecutor - Shutting down ExecutorService 'applicationTaskExecutor'
17:37:46.716 12-08-2022 [SpringContextShutdownHook] INFO  com.zaxxer.hikari.HikariDataSource - HikariPool-1 - Shutdown initiated...
17:37:46.721 12-08-2022 [SpringContextShutdownHook] INFO  com.zaxxer.hikari.HikariDataSource - HikariPool-1 - Shutdown completed.
17:37:50.819 12-08-2022 [main] INFO  com.sv.EduApplication - Starting EduApplication on OwenLaptop with PID 8772 (D:\IdeaProjects\online_edu\online_edu\service\service_edu\target\classes started by Owen in D:\IdeaProjects\online_edu)
17:37:50.821 12-08-2022 [main] INFO  com.sv.EduApplication - The following profiles are active: dev
17:37:51.510 12-08-2022 [main] INFO  o.s.d.r.config.RepositoryConfigurationDelegate - Multiple Spring Data modules found, entering strict repository configuration mode!
17:37:51.512 12-08-2022 [main] INFO  o.s.d.r.config.RepositoryConfigurationDelegate - Bootstrapping Spring Data repositories in DEFAULT mode.
17:37:51.533 12-08-2022 [main] INFO  o.s.d.r.config.RepositoryConfigurationDelegate - Finished Spring Data repository scanning in 10ms. Found 0 repository interfaces.
17:37:51.724 12-08-2022 [main] INFO  o.s.c.s.PostProcessorRegistrationDelegate$BeanPostProcessorChecker - Bean 'org.springframework.transaction.annotation.ProxyTransactionManagementConfiguration' of type [org.springframework.transaction.annotation.ProxyTransactionManagementConfiguration] is not eligible for getting processed by all BeanPostProcessors (for example: not eligible for auto-proxying)
17:37:51.888 12-08-2022 [main] INFO  o.s.boot.web.embedded.tomcat.TomcatWebServer - Tomcat initialized with port(s): 8001 (http)
17:37:51.894 12-08-2022 [main] INFO  org.apache.coyote.http11.Http11NioProtocol - Initializing ProtocolHandler ["http-nio-8001"]
17:37:51.894 12-08-2022 [main] INFO  org.apache.catalina.core.StandardService - Starting service [Tomcat]
17:37:51.895 12-08-2022 [main] INFO  org.apache.catalina.core.StandardEngine - Starting Servlet engine: [Apache Tomcat/9.0.27]
17:37:51.971 12-08-2022 [main] INFO  o.a.c.core.ContainerBase.[Tomcat].[localhost].[/] - Initializing Spring embedded WebApplicationContext
17:37:51.972 12-08-2022 [main] INFO  org.springframework.web.context.ContextLoader - Root WebApplicationContext: initialization completed in 1117 ms
17:37:52.113 12-08-2022 [main] INFO  com.zaxxer.hikari.HikariDataSource - HikariPool-1 - Starting...
17:37:52.896 12-08-2022 [main] INFO  com.zaxxer.hikari.HikariDataSource - HikariPool-1 - Start completed.
17:37:53.342 12-08-2022 [main] INFO  s.d.s.w.PropertySourcedRequestMappingHandlerMapping - Mapped URL path [/v2/api-docs] onto method [springfox.documentation.swagger2.web.Swagger2Controller#getDocumentation(String, HttpServletRequest)]
17:37:53.420 12-08-2022 [main] INFO  o.s.scheduling.concurrent.ThreadPoolTaskExecutor - Initializing ExecutorService 'applicationTaskExecutor'
17:37:53.755 12-08-2022 [main] INFO  s.d.s.web.plugins.DocumentationPluginsBootstrapper - Context refreshed
17:37:53.767 12-08-2022 [main] INFO  s.d.s.web.plugins.DocumentationPluginsBootstrapper - Found 1 custom documentation plugin(s)
17:37:53.792 12-08-2022 [main] INFO  s.d.spring.web.scanners.ApiListingReferenceScanner - Scanning for api listing references
17:37:53.926 12-08-2022 [main] INFO  org.apache.coyote.http11.Http11NioProtocol - Starting ProtocolHandler ["http-nio-8001"]
17:37:53.939 12-08-2022 [main] INFO  o.s.boot.web.embedded.tomcat.TomcatWebServer - Tomcat started on port(s): 8001 (http) with context path ''
17:37:53.941 12-08-2022 [main] INFO  com.sv.EduApplication - Started EduApplication in 3.498 seconds (JVM running for 4.567)
17:38:00.035 12-08-2022 [http-nio-8001-exec-1] INFO  o.a.c.core.ContainerBase.[Tomcat].[localhost].[/] - Initializing Spring DispatcherServlet 'dispatcherServlet'
17:38:00.035 12-08-2022 [http-nio-8001-exec-1] INFO  org.springframework.web.servlet.DispatcherServlet - Initializing Servlet 'dispatcherServlet'
17:38:00.041 12-08-2022 [http-nio-8001-exec-1] INFO  org.springframework.web.servlet.DispatcherServlet - Completed initialization in 6 ms
17:39:19.805 12-08-2022 [SpringContextShutdownHook] INFO  o.s.scheduling.concurrent.ThreadPoolTaskExecutor - Shutting down ExecutorService 'applicationTaskExecutor'
17:39:19.807 12-08-2022 [SpringContextShutdownHook] INFO  com.zaxxer.hikari.HikariDataSource - HikariPool-1 - Shutdown initiated...
17:39:19.812 12-08-2022 [SpringContextShutdownHook] INFO  com.zaxxer.hikari.HikariDataSource - HikariPool-1 - Shutdown completed.
17:39:25.822 12-08-2022 [main] INFO  com.sv.EduApplication - Starting EduApplication on OwenLaptop with PID 29320 (D:\IdeaProjects\online_edu\online_edu\service\service_edu\target\classes started by Owen in D:\IdeaProjects\online_edu)
17:39:25.825 12-08-2022 [main] INFO  com.sv.EduApplication - The following profiles are active: dev
17:39:26.502 12-08-2022 [main] INFO  o.s.d.r.config.RepositoryConfigurationDelegate - Multiple Spring Data modules found, entering strict repository configuration mode!
17:39:26.504 12-08-2022 [main] INFO  o.s.d.r.config.RepositoryConfigurationDelegate - Bootstrapping Spring Data repositories in DEFAULT mode.
17:39:26.527 12-08-2022 [main] INFO  o.s.d.r.config.RepositoryConfigurationDelegate - Finished Spring Data repository scanning in 11ms. Found 0 repository interfaces.
17:39:26.735 12-08-2022 [main] INFO  o.s.c.s.PostProcessorRegistrationDelegate$BeanPostProcessorChecker - Bean 'org.springframework.transaction.annotation.ProxyTransactionManagementConfiguration' of type [org.springframework.transaction.annotation.ProxyTransactionManagementConfiguration] is not eligible for getting processed by all BeanPostProcessors (for example: not eligible for auto-proxying)
17:39:26.915 12-08-2022 [main] INFO  o.s.boot.web.embedded.tomcat.TomcatWebServer - Tomcat initialized with port(s): 8001 (http)
17:39:26.922 12-08-2022 [main] INFO  org.apache.coyote.http11.Http11NioProtocol - Initializing ProtocolHandler ["http-nio-8001"]
17:39:26.923 12-08-2022 [main] INFO  org.apache.catalina.core.StandardService - Starting service [Tomcat]
17:39:26.923 12-08-2022 [main] INFO  org.apache.catalina.core.StandardEngine - Starting Servlet engine: [Apache Tomcat/9.0.27]
17:39:27.007 12-08-2022 [main] INFO  o.a.c.core.ContainerBase.[Tomcat].[localhost].[/] - Initializing Spring embedded WebApplicationContext
17:39:27.007 12-08-2022 [main] INFO  org.springframework.web.context.ContextLoader - Root WebApplicationContext: initialization completed in 1150 ms
17:39:27.169 12-08-2022 [main] INFO  com.zaxxer.hikari.HikariDataSource - HikariPool-1 - Starting...
17:39:28.051 12-08-2022 [main] INFO  com.zaxxer.hikari.HikariDataSource - HikariPool-1 - Start completed.
17:39:28.531 12-08-2022 [main] INFO  s.d.s.w.PropertySourcedRequestMappingHandlerMapping - Mapped URL path [/v2/api-docs] onto method [springfox.documentation.swagger2.web.Swagger2Controller#getDocumentation(String, HttpServletRequest)]
17:39:28.613 12-08-2022 [main] INFO  o.s.scheduling.concurrent.ThreadPoolTaskExecutor - Initializing ExecutorService 'applicationTaskExecutor'
17:39:28.964 12-08-2022 [main] INFO  s.d.s.web.plugins.DocumentationPluginsBootstrapper - Context refreshed
17:39:28.975 12-08-2022 [main] INFO  s.d.s.web.plugins.DocumentationPluginsBootstrapper - Found 1 custom documentation plugin(s)
17:39:29.000 12-08-2022 [main] INFO  s.d.spring.web.scanners.ApiListingReferenceScanner - Scanning for api listing references
17:39:29.136 12-08-2022 [main] INFO  org.apache.coyote.http11.Http11NioProtocol - Starting ProtocolHandler ["http-nio-8001"]
17:39:29.149 12-08-2022 [main] INFO  o.s.boot.web.embedded.tomcat.TomcatWebServer - Tomcat started on port(s): 8001 (http) with context path ''
17:39:29.151 12-08-2022 [main] INFO  com.sv.EduApplication - Started EduApplication in 3.698 seconds (JVM running for 4.781)
17:39:33.244 12-08-2022 [http-nio-8001-exec-1] INFO  o.a.c.core.ContainerBase.[Tomcat].[localhost].[/] - Initializing Spring DispatcherServlet 'dispatcherServlet'
17:39:33.245 12-08-2022 [http-nio-8001-exec-1] INFO  org.springframework.web.servlet.DispatcherServlet - Initializing Servlet 'dispatcherServlet'
17:39:33.250 12-08-2022 [http-nio-8001-exec-1] INFO  org.springframework.web.servlet.DispatcherServlet - Completed initialization in 5 ms
17:41:00.882 12-08-2022 [SpringContextShutdownHook] INFO  o.s.scheduling.concurrent.ThreadPoolTaskExecutor - Shutting down ExecutorService 'applicationTaskExecutor'
17:41:00.884 12-08-2022 [SpringContextShutdownHook] INFO  com.zaxxer.hikari.HikariDataSource - HikariPool-1 - Shutdown initiated...
17:41:00.889 12-08-2022 [SpringContextShutdownHook] INFO  com.zaxxer.hikari.HikariDataSource - HikariPool-1 - Shutdown completed.
17:41:06.472 12-08-2022 [main] INFO  com.sv.EduApplication - Starting EduApplication on OwenLaptop with PID 8508 (D:\IdeaProjects\online_edu\online_edu\service\service_edu\target\classes started by Owen in D:\IdeaProjects\online_edu)
17:41:06.474 12-08-2022 [main] INFO  com.sv.EduApplication - The following profiles are active: dev
17:41:07.179 12-08-2022 [main] INFO  o.s.d.r.config.RepositoryConfigurationDelegate - Multiple Spring Data modules found, entering strict repository configuration mode!
17:41:07.181 12-08-2022 [main] INFO  o.s.d.r.config.RepositoryConfigurationDelegate - Bootstrapping Spring Data repositories in DEFAULT mode.
17:41:07.204 12-08-2022 [main] INFO  o.s.d.r.config.RepositoryConfigurationDelegate - Finished Spring Data repository scanning in 11ms. Found 0 repository interfaces.
17:41:07.411 12-08-2022 [main] INFO  o.s.c.s.PostProcessorRegistrationDelegate$BeanPostProcessorChecker - Bean 'org.springframework.transaction.annotation.ProxyTransactionManagementConfiguration' of type [org.springframework.transaction.annotation.ProxyTransactionManagementConfiguration] is not eligible for getting processed by all BeanPostProcessors (for example: not eligible for auto-proxying)
17:41:07.579 12-08-2022 [main] INFO  o.s.boot.web.embedded.tomcat.TomcatWebServer - Tomcat initialized with port(s): 8001 (http)
17:41:07.586 12-08-2022 [main] INFO  org.apache.coyote.http11.Http11NioProtocol - Initializing ProtocolHandler ["http-nio-8001"]
17:41:07.586 12-08-2022 [main] INFO  org.apache.catalina.core.StandardService - Starting service [Tomcat]
17:41:07.587 12-08-2022 [main] INFO  org.apache.catalina.core.StandardEngine - Starting Servlet engine: [Apache Tomcat/9.0.27]
17:41:07.675 12-08-2022 [main] INFO  o.a.c.core.ContainerBase.[Tomcat].[localhost].[/] - Initializing Spring embedded WebApplicationContext
17:41:07.675 12-08-2022 [main] INFO  org.springframework.web.context.ContextLoader - Root WebApplicationContext: initialization completed in 1168 ms
17:41:07.821 12-08-2022 [main] INFO  com.zaxxer.hikari.HikariDataSource - HikariPool-1 - Starting...
17:41:08.685 12-08-2022 [main] INFO  com.zaxxer.hikari.HikariDataSource - HikariPool-1 - Start completed.
17:41:09.176 12-08-2022 [main] INFO  s.d.s.w.PropertySourcedRequestMappingHandlerMapping - Mapped URL path [/v2/api-docs] onto method [springfox.documentation.swagger2.web.Swagger2Controller#getDocumentation(String, HttpServletRequest)]
17:41:09.266 12-08-2022 [main] INFO  o.s.scheduling.concurrent.ThreadPoolTaskExecutor - Initializing ExecutorService 'applicationTaskExecutor'
17:41:09.669 12-08-2022 [main] INFO  s.d.s.web.plugins.DocumentationPluginsBootstrapper - Context refreshed
17:41:09.682 12-08-2022 [main] INFO  s.d.s.web.plugins.DocumentationPluginsBootstrapper - Found 1 custom documentation plugin(s)
17:41:09.713 12-08-2022 [main] INFO  s.d.spring.web.scanners.ApiListingReferenceScanner - Scanning for api listing references
17:41:09.872 12-08-2022 [main] INFO  org.apache.coyote.http11.Http11NioProtocol - Starting ProtocolHandler ["http-nio-8001"]
17:41:09.886 12-08-2022 [main] INFO  o.s.boot.web.embedded.tomcat.TomcatWebServer - Tomcat started on port(s): 8001 (http) with context path ''
17:41:09.889 12-08-2022 [main] INFO  com.sv.EduApplication - Started EduApplication in 3.796 seconds (JVM running for 4.876)
17:41:38.552 12-08-2022 [SpringContextShutdownHook] INFO  o.s.scheduling.concurrent.ThreadPoolTaskExecutor - Shutting down ExecutorService 'applicationTaskExecutor'
17:41:38.554 12-08-2022 [SpringContextShutdownHook] INFO  com.zaxxer.hikari.HikariDataSource - HikariPool-1 - Shutdown initiated...
17:41:38.559 12-08-2022 [SpringContextShutdownHook] INFO  com.zaxxer.hikari.HikariDataSource - HikariPool-1 - Shutdown completed.
17:41:44.215 12-08-2022 [main] INFO  com.sv.EduApplication - Starting EduApplication on OwenLaptop with PID 10428 (D:\IdeaProjects\online_edu\online_edu\service\service_edu\target\classes started by Owen in D:\IdeaProjects\online_edu)
17:41:44.218 12-08-2022 [main] INFO  com.sv.EduApplication - The following profiles are active: dev
17:41:44.980 12-08-2022 [main] INFO  o.s.d.r.config.RepositoryConfigurationDelegate - Multiple Spring Data modules found, entering strict repository configuration mode!
17:41:44.982 12-08-2022 [main] INFO  o.s.d.r.config.RepositoryConfigurationDelegate - Bootstrapping Spring Data repositories in DEFAULT mode.
17:41:45.004 12-08-2022 [main] INFO  o.s.d.r.config.RepositoryConfigurationDelegate - Finished Spring Data repository scanning in 11ms. Found 0 repository interfaces.
17:41:45.201 12-08-2022 [main] INFO  o.s.c.s.PostProcessorRegistrationDelegate$BeanPostProcessorChecker - Bean 'org.springframework.transaction.annotation.ProxyTransactionManagementConfiguration' of type [org.springframework.transaction.annotation.ProxyTransactionManagementConfiguration] is not eligible for getting processed by all BeanPostProcessors (for example: not eligible for auto-proxying)
17:41:45.367 12-08-2022 [main] INFO  o.s.boot.web.embedded.tomcat.TomcatWebServer - Tomcat initialized with port(s): 8001 (http)
17:41:45.373 12-08-2022 [main] INFO  org.apache.coyote.http11.Http11NioProtocol - Initializing ProtocolHandler ["http-nio-8001"]
17:41:45.374 12-08-2022 [main] INFO  org.apache.catalina.core.StandardService - Starting service [Tomcat]
17:41:45.374 12-08-2022 [main] INFO  org.apache.catalina.core.StandardEngine - Starting Servlet engine: [Apache Tomcat/9.0.27]
17:41:45.451 12-08-2022 [main] INFO  o.a.c.core.ContainerBase.[Tomcat].[localhost].[/] - Initializing Spring embedded WebApplicationContext
17:41:45.451 12-08-2022 [main] INFO  org.springframework.web.context.ContextLoader - Root WebApplicationContext: initialization completed in 1195 ms
17:41:45.601 12-08-2022 [main] INFO  com.zaxxer.hikari.HikariDataSource - HikariPool-1 - Starting...
17:41:46.444 12-08-2022 [main] INFO  com.zaxxer.hikari.HikariDataSource - HikariPool-1 - Start completed.
17:41:46.903 12-08-2022 [main] INFO  s.d.s.w.PropertySourcedRequestMappingHandlerMapping - Mapped URL path [/v2/api-docs] onto method [springfox.documentation.swagger2.web.Swagger2Controller#getDocumentation(String, HttpServletRequest)]
17:41:46.982 12-08-2022 [main] INFO  o.s.scheduling.concurrent.ThreadPoolTaskExecutor - Initializing ExecutorService 'applicationTaskExecutor'
17:41:47.331 12-08-2022 [main] INFO  s.d.s.web.plugins.DocumentationPluginsBootstrapper - Context refreshed
17:41:47.343 12-08-2022 [main] INFO  s.d.s.web.plugins.DocumentationPluginsBootstrapper - Found 1 custom documentation plugin(s)
17:41:47.368 12-08-2022 [main] INFO  s.d.spring.web.scanners.ApiListingReferenceScanner - Scanning for api listing references
17:41:47.505 12-08-2022 [main] INFO  org.apache.coyote.http11.Http11NioProtocol - Starting ProtocolHandler ["http-nio-8001"]
17:41:47.518 12-08-2022 [main] INFO  o.s.boot.web.embedded.tomcat.TomcatWebServer - Tomcat started on port(s): 8001 (http) with context path ''
17:41:47.520 12-08-2022 [main] INFO  com.sv.EduApplication - Started EduApplication in 3.698 seconds (JVM running for 4.772)
17:41:50.433 12-08-2022 [http-nio-8001-exec-1] INFO  o.a.c.core.ContainerBase.[Tomcat].[localhost].[/] - Initializing Spring DispatcherServlet 'dispatcherServlet'
17:41:50.433 12-08-2022 [http-nio-8001-exec-1] INFO  org.springframework.web.servlet.DispatcherServlet - Initializing Servlet 'dispatcherServlet'
17:41:50.439 12-08-2022 [http-nio-8001-exec-1] INFO  org.springframework.web.servlet.DispatcherServlet - Completed initialization in 5 ms
17:48:53.557 12-08-2022 [SpringContextShutdownHook] INFO  o.s.scheduling.concurrent.ThreadPoolTaskExecutor - Shutting down ExecutorService 'applicationTaskExecutor'
17:48:53.558 12-08-2022 [SpringContextShutdownHook] INFO  com.zaxxer.hikari.HikariDataSource - HikariPool-1 - Shutdown initiated...
17:48:53.563 12-08-2022 [SpringContextShutdownHook] INFO  com.zaxxer.hikari.HikariDataSource - HikariPool-1 - Shutdown completed.
17:48:59.944 12-08-2022 [main] INFO  com.sv.EduApplication - Starting EduApplication on OwenLaptop with PID 27760 (D:\IdeaProjects\online_edu\online_edu\service\service_edu\target\classes started by Owen in D:\IdeaProjects\online_edu)
17:48:59.947 12-08-2022 [main] INFO  com.sv.EduApplication - The following profiles are active: dev
17:49:00.651 12-08-2022 [main] INFO  o.s.d.r.config.RepositoryConfigurationDelegate - Multiple Spring Data modules found, entering strict repository configuration mode!
17:49:00.653 12-08-2022 [main] INFO  o.s.d.r.config.RepositoryConfigurationDelegate - Bootstrapping Spring Data repositories in DEFAULT mode.
17:49:00.674 12-08-2022 [main] INFO  o.s.d.r.config.RepositoryConfigurationDelegate - Finished Spring Data repository scanning in 10ms. Found 0 repository interfaces.
17:49:00.873 12-08-2022 [main] INFO  o.s.c.s.PostProcessorRegistrationDelegate$BeanPostProcessorChecker - Bean 'org.springframework.transaction.annotation.ProxyTransactionManagementConfiguration' of type [org.springframework.transaction.annotation.ProxyTransactionManagementConfiguration] is not eligible for getting processed by all BeanPostProcessors (for example: not eligible for auto-proxying)
17:49:01.046 12-08-2022 [main] INFO  o.s.boot.web.embedded.tomcat.TomcatWebServer - Tomcat initialized with port(s): 8001 (http)
17:49:01.052 12-08-2022 [main] INFO  org.apache.coyote.http11.Http11NioProtocol - Initializing ProtocolHandler ["http-nio-8001"]
17:49:01.052 12-08-2022 [main] INFO  org.apache.catalina.core.StandardService - Starting service [Tomcat]
17:49:01.053 12-08-2022 [main] INFO  org.apache.catalina.core.StandardEngine - Starting Servlet engine: [Apache Tomcat/9.0.27]
17:49:01.131 12-08-2022 [main] INFO  o.a.c.core.ContainerBase.[Tomcat].[localhost].[/] - Initializing Spring embedded WebApplicationContext
17:49:01.132 12-08-2022 [main] INFO  org.springframework.web.context.ContextLoader - Root WebApplicationContext: initialization completed in 1145 ms
17:49:01.279 12-08-2022 [main] INFO  com.zaxxer.hikari.HikariDataSource - HikariPool-1 - Starting...
17:49:02.098 12-08-2022 [main] INFO  com.zaxxer.hikari.HikariDataSource - HikariPool-1 - Start completed.
17:49:02.556 12-08-2022 [main] INFO  s.d.s.w.PropertySourcedRequestMappingHandlerMapping - Mapped URL path [/v2/api-docs] onto method [springfox.documentation.swagger2.web.Swagger2Controller#getDocumentation(String, HttpServletRequest)]
17:49:02.642 12-08-2022 [main] INFO  o.s.scheduling.concurrent.ThreadPoolTaskExecutor - Initializing ExecutorService 'applicationTaskExecutor'
17:49:02.970 12-08-2022 [main] INFO  s.d.s.web.plugins.DocumentationPluginsBootstrapper - Context refreshed
17:49:02.982 12-08-2022 [main] INFO  s.d.s.web.plugins.DocumentationPluginsBootstrapper - Found 1 custom documentation plugin(s)
17:49:03.005 12-08-2022 [main] INFO  s.d.spring.web.scanners.ApiListingReferenceScanner - Scanning for api listing references
17:49:03.147 12-08-2022 [main] INFO  org.apache.coyote.http11.Http11NioProtocol - Starting ProtocolHandler ["http-nio-8001"]
17:49:03.161 12-08-2022 [main] INFO  o.s.boot.web.embedded.tomcat.TomcatWebServer - Tomcat started on port(s): 8001 (http) with context path ''
17:49:03.163 12-08-2022 [main] INFO  com.sv.EduApplication - Started EduApplication in 3.655 seconds (JVM running for 4.761)
17:49:25.524 12-08-2022 [http-nio-8001-exec-1] INFO  o.a.c.core.ContainerBase.[Tomcat].[localhost].[/] - Initializing Spring DispatcherServlet 'dispatcherServlet'
17:49:25.525 12-08-2022 [http-nio-8001-exec-1] INFO  org.springframework.web.servlet.DispatcherServlet - Initializing Servlet 'dispatcherServlet'
17:49:25.530 12-08-2022 [http-nio-8001-exec-1] INFO  org.springframework.web.servlet.DispatcherServlet - Completed initialization in 5 ms
17:50:19.235 12-08-2022 [SpringContextShutdownHook] INFO  o.s.scheduling.concurrent.ThreadPoolTaskExecutor - Shutting down ExecutorService 'applicationTaskExecutor'
17:50:19.237 12-08-2022 [SpringContextShutdownHook] INFO  com.zaxxer.hikari.HikariDataSource - HikariPool-1 - Shutdown initiated...
17:50:19.241 12-08-2022 [SpringContextShutdownHook] INFO  com.zaxxer.hikari.HikariDataSource - HikariPool-1 - Shutdown completed.
