16:27:57.306 24-08-2022 [main] INFO  com.sv.EduApplication - Starting EduApplication on OwenLaptop with PID 27340 (D:\IdeaProjects\online_edu\online_edu\service\service_edu\target\classes started by Owen in D:\IdeaProjects\online_edu)
16:27:57.312 24-08-2022 [main] INFO  com.sv.EduApplication - The following profiles are active: dev
16:27:58.357 24-08-2022 [main] INFO  o.s.d.r.config.RepositoryConfigurationDelegate - Multiple Spring Data modules found, entering strict repository configuration mode!
16:27:58.361 24-08-2022 [main] INFO  o.s.d.r.config.RepositoryConfigurationDelegate - Bootstrapping Spring Data repositories in DEFAULT mode.
16:27:58.399 24-08-2022 [main] INFO  o.s.d.r.config.RepositoryConfigurationDelegate - Finished Spring Data repository scanning in 17ms. Found 0 repository interfaces.
16:27:58.685 24-08-2022 [main] INFO  o.s.c.s.PostProcessorRegistrationDelegate$BeanPostProcessorChecker - Bean 'org.springframework.transaction.annotation.ProxyTransactionManagementConfiguration' of type [org.springframework.transaction.annotation.ProxyTransactionManagementConfiguration] is not eligible for getting processed by all BeanPostProcessors (for example: not eligible for auto-proxying)
16:27:58.943 24-08-2022 [main] INFO  o.s.boot.web.embedded.tomcat.TomcatWebServer - Tomcat initialized with port(s): 8001 (http)
16:27:58.952 24-08-2022 [main] INFO  org.apache.coyote.http11.Http11NioProtocol - Initializing ProtocolHandler ["http-nio-8001"]
16:27:58.953 24-08-2022 [main] INFO  org.apache.catalina.core.StandardService - Starting service [Tomcat]
16:27:58.953 24-08-2022 [main] INFO  org.apache.catalina.core.StandardEngine - Starting Servlet engine: [Apache Tomcat/9.0.27]
16:27:59.062 24-08-2022 [main] INFO  o.a.c.core.ContainerBase.[Tomcat].[localhost].[/] - Initializing Spring embedded WebApplicationContext
16:27:59.062 24-08-2022 [main] INFO  org.springframework.web.context.ContextLoader - Root WebApplicationContext: initialization completed in 1705 ms
16:27:59.270 24-08-2022 [main] INFO  com.zaxxer.hikari.HikariDataSource - HikariPool-1 - Starting...
16:28:00.311 24-08-2022 [main] INFO  com.zaxxer.hikari.HikariDataSource - HikariPool-1 - Start completed.
16:28:00.835 24-08-2022 [main] INFO  s.d.s.w.PropertySourcedRequestMappingHandlerMapping - Mapped URL path [/v2/api-docs] onto method [springfox.documentation.swagger2.web.Swagger2Controller#getDocumentation(String, HttpServletRequest)]
16:28:00.922 24-08-2022 [main] INFO  o.s.scheduling.concurrent.ThreadPoolTaskExecutor - Initializing ExecutorService 'applicationTaskExecutor'
16:28:01.350 24-08-2022 [main] INFO  s.d.s.web.plugins.DocumentationPluginsBootstrapper - Context refreshed
16:28:01.366 24-08-2022 [main] INFO  s.d.s.web.plugins.DocumentationPluginsBootstrapper - Found 1 custom documentation plugin(s)
16:28:01.395 24-08-2022 [main] INFO  s.d.spring.web.scanners.ApiListingReferenceScanner - Scanning for api listing references
16:28:01.561 24-08-2022 [main] INFO  org.apache.coyote.http11.Http11NioProtocol - Starting ProtocolHandler ["http-nio-8001"]
16:28:01.577 24-08-2022 [main] INFO  o.s.boot.web.embedded.tomcat.TomcatWebServer - Tomcat started on port(s): 8001 (http) with context path ''
16:28:01.580 24-08-2022 [main] INFO  com.sv.EduApplication - Started EduApplication in 4.818 seconds (JVM running for 6.045)
16:28:30.898 24-08-2022 [http-nio-8001-exec-1] INFO  o.a.c.core.ContainerBase.[Tomcat].[localhost].[/] - Initializing Spring DispatcherServlet 'dispatcherServlet'
16:28:30.898 24-08-2022 [http-nio-8001-exec-1] INFO  org.springframework.web.servlet.DispatcherServlet - Initializing Servlet 'dispatcherServlet'
16:28:30.907 24-08-2022 [http-nio-8001-exec-1] INFO  org.springframework.web.servlet.DispatcherServlet - Completed initialization in 8 ms
17:30:04.823 24-08-2022 [SpringContextShutdownHook] INFO  o.s.scheduling.concurrent.ThreadPoolTaskExecutor - Shutting down ExecutorService 'applicationTaskExecutor'
17:30:04.824 24-08-2022 [SpringContextShutdownHook] INFO  com.zaxxer.hikari.HikariDataSource - HikariPool-1 - Shutdown initiated...
17:30:04.830 24-08-2022 [SpringContextShutdownHook] INFO  com.zaxxer.hikari.HikariDataSource - HikariPool-1 - Shutdown completed.
17:30:09.063 24-08-2022 [main] INFO  com.sv.EduApplication - Starting EduApplication on OwenLaptop with PID 31128 (D:\IdeaProjects\online_edu\online_edu\service\service_edu\target\classes started by Owen in D:\IdeaProjects\online_edu)
17:30:09.067 24-08-2022 [main] INFO  com.sv.EduApplication - The following profiles are active: dev
17:30:09.824 24-08-2022 [main] INFO  o.s.d.r.config.RepositoryConfigurationDelegate - Multiple Spring Data modules found, entering strict repository configuration mode!
17:30:09.826 24-08-2022 [main] INFO  o.s.d.r.config.RepositoryConfigurationDelegate - Bootstrapping Spring Data repositories in DEFAULT mode.
17:30:09.845 24-08-2022 [main] INFO  o.s.d.r.config.RepositoryConfigurationDelegate - Finished Spring Data repository scanning in 10ms. Found 0 repository interfaces.
17:30:10.063 24-08-2022 [main] INFO  o.s.c.s.PostProcessorRegistrationDelegate$BeanPostProcessorChecker - Bean 'org.springframework.transaction.annotation.ProxyTransactionManagementConfiguration' of type [org.springframework.transaction.annotation.ProxyTransactionManagementConfiguration] is not eligible for getting processed by all BeanPostProcessors (for example: not eligible for auto-proxying)
17:30:10.278 24-08-2022 [main] INFO  o.s.boot.web.embedded.tomcat.TomcatWebServer - Tomcat initialized with port(s): 8001 (http)
17:30:10.286 24-08-2022 [main] INFO  org.apache.coyote.http11.Http11NioProtocol - Initializing ProtocolHandler ["http-nio-8001"]
17:30:10.287 24-08-2022 [main] INFO  org.apache.catalina.core.StandardService - Starting service [Tomcat]
17:30:10.287 24-08-2022 [main] INFO  org.apache.catalina.core.StandardEngine - Starting Servlet engine: [Apache Tomcat/9.0.27]
17:30:10.394 24-08-2022 [main] INFO  o.a.c.core.ContainerBase.[Tomcat].[localhost].[/] - Initializing Spring embedded WebApplicationContext
17:30:10.394 24-08-2022 [main] INFO  org.springframework.web.context.ContextLoader - Root WebApplicationContext: initialization completed in 1287 ms
17:30:10.621 24-08-2022 [main] INFO  com.zaxxer.hikari.HikariDataSource - HikariPool-1 - Starting...
17:30:11.428 24-08-2022 [main] INFO  com.zaxxer.hikari.HikariDataSource - HikariPool-1 - Start completed.
17:30:11.896 24-08-2022 [main] INFO  s.d.s.w.PropertySourcedRequestMappingHandlerMapping - Mapped URL path [/v2/api-docs] onto method [springfox.documentation.swagger2.web.Swagger2Controller#getDocumentation(String, HttpServletRequest)]
17:30:11.980 24-08-2022 [main] INFO  o.s.scheduling.concurrent.ThreadPoolTaskExecutor - Initializing ExecutorService 'applicationTaskExecutor'
17:30:12.310 24-08-2022 [main] INFO  s.d.s.web.plugins.DocumentationPluginsBootstrapper - Context refreshed
17:30:12.321 24-08-2022 [main] INFO  s.d.s.web.plugins.DocumentationPluginsBootstrapper - Found 1 custom documentation plugin(s)
17:30:12.345 24-08-2022 [main] INFO  s.d.spring.web.scanners.ApiListingReferenceScanner - Scanning for api listing references
17:30:12.485 24-08-2022 [main] INFO  org.apache.coyote.http11.Http11NioProtocol - Starting ProtocolHandler ["http-nio-8001"]
17:30:12.497 24-08-2022 [main] INFO  o.s.boot.web.embedded.tomcat.TomcatWebServer - Tomcat started on port(s): 8001 (http) with context path ''
17:30:12.499 24-08-2022 [main] INFO  com.sv.EduApplication - Started EduApplication in 3.825 seconds (JVM running for 4.965)
17:49:53.878 24-08-2022 [http-nio-8001-exec-1] INFO  o.a.c.core.ContainerBase.[Tomcat].[localhost].[/] - Initializing Spring DispatcherServlet 'dispatcherServlet'
17:49:53.878 24-08-2022 [http-nio-8001-exec-1] INFO  org.springframework.web.servlet.DispatcherServlet - Initializing Servlet 'dispatcherServlet'
17:49:53.884 24-08-2022 [http-nio-8001-exec-1] INFO  org.springframework.web.servlet.DispatcherServlet - Completed initialization in 6 ms
17:56:04.858 24-08-2022 [SpringContextShutdownHook] INFO  o.s.scheduling.concurrent.ThreadPoolTaskExecutor - Shutting down ExecutorService 'applicationTaskExecutor'
17:56:04.860 24-08-2022 [SpringContextShutdownHook] INFO  com.zaxxer.hikari.HikariDataSource - HikariPool-1 - Shutdown initiated...
17:56:04.863 24-08-2022 [SpringContextShutdownHook] INFO  com.zaxxer.hikari.HikariDataSource - HikariPool-1 - Shutdown completed.
